{"meta": {"format": 3, "version": "7.11.0", "timestamp": "2025-10-27T19:30:43.535879", "branch_coverage": false, "show_contexts": false}, "files": {"src/__init__.py": {"executed_lines": [0], "summary": {"covered_lines": 0, "num_statements": 0, "percent_covered": 100.0, "percent_covered_display": "100", "missing_lines": 0, "excluded_lines": 0}, "missing_lines": [], "excluded_lines": [], "functions": {"": {"executed_lines": [], "summary": {"covered_lines": 0, "num_statements": 0, "percent_covered": 100.0, "percent_covered_display": "100", "missing_lines": 0, "excluded_lines": 0}, "missing_lines": [], "excluded_lines": []}}, "classes": {"": {"executed_lines": [], "summary": {"covered_lines": 0, "num_statements": 0, "percent_covered": 100.0, "percent_covered_display": "100", "missing_lines": 0, "excluded_lines": 0}, "missing_lines": [], "excluded_lines": []}}}, "src/api/__init__.py": {"executed_lines": [1, 5, 7], "summary": {"covered_lines": 2, "num_statements": 2, "percent_covered": 100.0, "percent_covered_display": "100", "missing_lines": 0, "excluded_lines": 0}, "missing_lines": [], "excluded_lines": [], "functions": {"": {"executed_lines": [1, 5, 7], "summary": {"covered_lines": 2, "num_statements": 2, "percent_covered": 100.0, "percent_covered_display": "100", "missing_lines": 0, "excluded_lines": 0}, "missing_lines": [], "excluded_lines": []}}, "classes": {"": {"executed_lines": [1, 5, 7], "summary": {"covered_lines": 2, "num_statements": 2, "percent_covered": 100.0, "percent_covered_display": "100", "missing_lines": 0, "excluded_lines": 0}, "missing_lines": [], "excluded_lines": []}}}, "src/api/youtube_service.py": {"executed_lines": [1, 6, 7, 9, 10, 11, 12, 13, 16, 17, 20, 22, 30, 31, 34, 35, 38, 40, 42, 45, 46, 47, 48, 53, 54, 55, 56, 57, 58, 59, 60, 62, 63, 64, 69, 71, 72, 75, 76, 77, 80, 81, 82, 87, 121, 195, 251, 293], "summary": {"covered_lines": 46, "num_statements": 147, "percent_covered": 31.292517006802722, "percent_covered_display": "31", "missing_lines": 101, "excluded_lines": 0}, "missing_lines": [49, 50, 83, 84, 85, 97, 98, 99, 101, 102, 103, 112, 114, 115, 116, 117, 118, 119, 132, 133, 136, 137, 138, 140, 143, 144, 146, 147, 148, 150, 155, 156, 158, 160, 164, 170, 173, 176, 177, 178, 181, 182, 183, 185, 186, 188, 189, 190, 191, 192, 193, 205, 206, 208, 210, 212, 213, 215, 218, 220, 222, 223, 225, 240, 242, 244, 245, 246, 247, 248, 249, 261, 262, 265, 268, 269, 270, 273, 274, 275, 278, 279, 280, 283, 284, 285, 287, 289, 290, 291, 300, 302, 303, 304, 305, 307, 308, 309, 310, 311, 312], "excluded_lines": [], "functions": {"YouTubeAPIService.__init__": {"executed_lines": [30, 31, 34, 35, 38], "summary": {"covered_lines": 5, "num_statements": 5, "percent_covered": 100.0, "percent_covered_display": "100", "missing_lines": 0, "excluded_lines": 0}, "missing_lines": [], "excluded_lines": []}, "YouTubeAPIService._authenticate": {"executed_lines": [42, 45, 46, 47, 48, 53, 54, 55, 56, 57, 58, 59, 60, 62, 63, 64, 69, 71, 72, 75, 76, 77, 80, 81, 82], "summary": {"covered_lines": 25, "num_statements": 30, "percent_covered": 83.33333333333333, "percent_covered_display": "83", "missing_lines": 5, "excluded_lines": 0}, "missing_lines": [49, 50, 83, 84, 85], "excluded_lines": []}, "YouTubeAPIService.get_channel_info": {"executed_lines": [], "summary": {"covered_lines": 0, "num_statements": 13, "percent_covered": 0.0, "percent_covered_display": "0", "missing_lines": 13, "excluded_lines": 0}, "missing_lines": [97, 98, 99, 101, 102, 103, 112, 114, 115, 116, 117, 118, 119], "excluded_lines": []}, "YouTubeAPIService.get_channel_videos": {"executed_lines": [], "summary": {"covered_lines": 0, "num_statements": 33, "percent_covered": 0.0, "percent_covered_display": "0", "missing_lines": 33, "excluded_lines": 0}, "missing_lines": [132, 133, 136, 137, 138, 140, 143, 144, 146, 147, 148, 150, 155, 156, 158, 160, 164, 170, 173, 176, 177, 178, 181, 182, 183, 185, 186, 188, 189, 190, 191, 192, 193], "excluded_lines": []}, "YouTubeAPIService.get_video_details": {"executed_lines": [], "summary": {"covered_lines": 0, "num_statements": 20, "percent_covered": 0.0, "percent_covered_display": "0", "missing_lines": 20, "excluded_lines": 0}, "missing_lines": [205, 206, 208, 210, 212, 213, 215, 218, 220, 222, 223, 225, 240, 242, 244, 245, 246, 247, 248, 249], "excluded_lines": []}, "YouTubeAPIService._parse_duration": {"executed_lines": [], "summary": {"covered_lines": 0, "num_statements": 19, "percent_covered": 0.0, "percent_covered_display": "0", "missing_lines": 19, "excluded_lines": 0}, "missing_lines": [261, 262, 265, 268, 269, 270, 273, 274, 275, 278, 279, 280, 283, 284, 285, 287, 289, 290, 291], "excluded_lines": []}, "YouTubeAPIService.test_connection": {"executed_lines": [], "summary": {"covered_lines": 0, "num_statements": 11, "percent_covered": 0.0, "percent_covered_display": "0", "missing_lines": 11, "excluded_lines": 0}, "missing_lines": [300, 302, 303, 304, 305, 307, 308, 309, 310, 311, 312], "excluded_lines": []}, "": {"executed_lines": [1, 6, 7, 9, 10, 11, 12, 13, 16, 17, 20, 22, 40, 87, 121, 195, 251, 293], "summary": {"covered_lines": 16, "num_statements": 16, "percent_covered": 100.0, "percent_covered_display": "100", "missing_lines": 0, "excluded_lines": 0}, "missing_lines": [], "excluded_lines": []}}, "classes": {"YouTubeAPIService": {"executed_lines": [30, 31, 34, 35, 38, 42, 45, 46, 47, 48, 53, 54, 55, 56, 57, 58, 59, 60, 62, 63, 64, 69, 71, 72, 75, 76, 77, 80, 81, 82], "summary": {"covered_lines": 30, "num_statements": 131, "percent_covered": 22.900763358778626, "percent_covered_display": "23", "missing_lines": 101, "excluded_lines": 0}, "missing_lines": [49, 50, 83, 84, 85, 97, 98, 99, 101, 102, 103, 112, 114, 115, 116, 117, 118, 119, 132, 133, 136, 137, 138, 140, 143, 144, 146, 147, 148, 150, 155, 156, 158, 160, 164, 170, 173, 176, 177, 178, 181, 182, 183, 185, 186, 188, 189, 190, 191, 192, 193, 205, 206, 208, 210, 212, 213, 215, 218, 220, 222, 223, 225, 240, 242, 244, 245, 246, 247, 248, 249, 261, 262, 265, 268, 269, 270, 273, 274, 275, 278, 279, 280, 283, 284, 285, 287, 289, 290, 291, 300, 302, 303, 304, 305, 307, 308, 309, 310, 311, 312], "excluded_lines": []}, "": {"executed_lines": [1, 6, 7, 9, 10, 11, 12, 13, 16, 17, 20, 22, 40, 87, 121, 195, 251, 293], "summary": {"covered_lines": 16, "num_statements": 16, "percent_covered": 100.0, "percent_covered_display": "100", "missing_lines": 0, "excluded_lines": 0}, "missing_lines": [], "excluded_lines": []}}}, "src/auth/__init__.py": {"executed_lines": [], "summary": {"covered_lines": 0, "num_statements": 0, "percent_covered": 100.0, "percent_covered_display": "100", "missing_lines": 0, "excluded_lines": 0}, "missing_lines": [], "excluded_lines": [], "functions": {"": {"executed_lines": [], "summary": {"covered_lines": 0, "num_statements": 0, "percent_covered": 100.0, "percent_covered_display": "100", "missing_lines": 0, "excluded_lines": 0}, "missing_lines": [], "excluded_lines": []}}, "classes": {"": {"executed_lines": [], "summary": {"covered_lines": 0, "num_statements": 0, "percent_covered": 100.0, "percent_covered_display": "100", "missing_lines": 0, "excluded_lines": 0}, "missing_lines": [], "excluded_lines": []}}}, "src/auth/auth_server.py": {"executed_lines": [], "summary": {"covered_lines": 0, "num_statements": 74, "percent_covered": 0.0, "percent_covered_display": "0", "missing_lines": 74, "excluded_lines": 3}, "missing_lines": [1, 2, 4, 5, 6, 8, 10, 11, 14, 17, 18, 20, 23, 24, 26, 28, 35, 38, 39, 42, 44, 45, 46, 49, 50, 52, 53, 54, 56, 59, 61, 62, 65, 66, 67, 72, 108, 109, 110, 113, 114, 116, 117, 119, 126, 127, 129, 130, 132, 134, 135, 136, 139, 140, 142, 143, 144, 146, 148, 150, 157, 158, 160, 194, 195, 196, 199, 200, 202, 203, 216, 217, 218, 219], "excluded_lines": [222, 223, 225], "functions": {"root": {"executed_lines": [], "summary": {"covered_lines": 0, "num_statements": 1, "percent_covered": 0.0, "percent_covered_display": "0", "missing_lines": 1, "excluded_lines": 0}, "missing_lines": [20], "excluded_lines": []}, "twitter_auth": {"executed_lines": [], "summary": {"covered_lines": 0, "num_statements": 9, "percent_covered": 0.0, "percent_covered_display": "0", "missing_lines": 9, "excluded_lines": 0}, "missing_lines": [26, 28, 35, 38, 39, 42, 44, 45, 46], "excluded_lines": []}, "twitter_callback": {"executed_lines": [], "summary": {"covered_lines": 0, "num_statements": 14, "percent_covered": 0.0, "percent_covered_display": "0", "missing_lines": 14, "excluded_lines": 0}, "missing_lines": [52, 53, 54, 56, 59, 61, 62, 65, 66, 67, 72, 108, 109, 110], "excluded_lines": []}, "reddit_auth": {"executed_lines": [], "summary": {"covered_lines": 0, "num_statements": 11, "percent_covered": 0.0, "percent_covered_display": "0", "missing_lines": 11, "excluded_lines": 0}, "missing_lines": [116, 117, 119, 126, 127, 129, 130, 132, 134, 135, 136], "excluded_lines": []}, "reddit_callback": {"executed_lines": [], "summary": {"covered_lines": 0, "num_statements": 12, "percent_covered": 0.0, "percent_covered_display": "0", "missing_lines": 12, "excluded_lines": 0}, "missing_lines": [142, 143, 144, 146, 148, 150, 157, 158, 160, 194, 195, 196], "excluded_lines": []}, "auth_status": {"executed_lines": [], "summary": {"covered_lines": 0, "num_statements": 6, "percent_covered": 0.0, "percent_covered_display": "0", "missing_lines": 6, "excluded_lines": 0}, "missing_lines": [202, 203, 216, 217, 218, 219], "excluded_lines": []}, "": {"executed_lines": [], "summary": {"covered_lines": 0, "num_statements": 21, "percent_covered": 0.0, "percent_covered_display": "0", "missing_lines": 21, "excluded_lines": 3}, "missing_lines": [1, 2, 4, 5, 6, 8, 10, 11, 14, 17, 18, 23, 24, 49, 50, 113, 114, 139, 140, 199, 200], "excluded_lines": [222, 223, 225]}}, "classes": {"": {"executed_lines": [], "summary": {"covered_lines": 0, "num_statements": 74, "percent_covered": 0.0, "percent_covered_display": "0", "missing_lines": 74, "excluded_lines": 3}, "missing_lines": [1, 2, 4, 5, 6, 8, 10, 11, 14, 17, 18, 20, 23, 24, 26, 28, 35, 38, 39, 42, 44, 45, 46, 49, 50, 52, 53, 54, 56, 59, 61, 62, 65, 66, 67, 72, 108, 109, 110, 113, 114, 116, 117, 119, 126, 127, 129, 130, 132, 134, 135, 136, 139, 140, 142, 143, 144, 146, 148, 150, 157, 158, 160, 194, 195, 196, 199, 200, 202, 203, 216, 217, 218, 219], "excluded_lines": [222, 223, 225]}}}, "src/bots/__init__.py": {"executed_lines": [0], "summary": {"covered_lines": 0, "num_statements": 0, "percent_covered": 100.0, "percent_covered_display": "100", "missing_lines": 0, "excluded_lines": 0}, "missing_lines": [], "excluded_lines": [], "functions": {"": {"executed_lines": [], "summary": {"covered_lines": 0, "num_statements": 0, "percent_covered": 100.0, "percent_covered_display": "100", "missing_lines": 0, "excluded_lines": 0}, "missing_lines": [], "excluded_lines": []}}, "classes": {"": {"executed_lines": [], "summary": {"covered_lines": 0, "num_statements": 0, "percent_covered": 100.0, "percent_covered_display": "100", "missing_lines": 0, "excluded_lines": 0}, "missing_lines": [], "excluded_lines": []}}}, "src/bots/reddit_bot.py": {"executed_lines": [1, 18, 19, 20, 21, 23, 24, 25, 34, 35, 36, 37, 40, 41, 51, 62, 70, 71, 74, 75, 77, 80, 81, 82, 87, 101, 102, 103, 122, 135, 148, 157, 166, 167, 168, 170, 172, 185, 198, 211, 221, 222, 224, 225, 227, 228, 229, 230, 232, 233, 234, 236, 237, 240, 241, 243, 245, 254, 255, 257, 258, 259, 260, 261, 263, 272, 273, 274, 276, 278, 279, 280, 283, 291, 300, 301, 303, 304, 305, 306, 307, 309, 318, 322, 324, 325, 326, 329, 338, 387], "summary": {"covered_lines": 87, "num_statements": 146, "percent_covered": 59.58904109589041, "percent_covered_display": "60", "missing_lines": 59, "excluded_lines": 2}, "missing_lines": [83, 84, 85, 105, 106, 108, 110, 111, 112, 115, 116, 117, 119, 120, 133, 146, 182, 195, 209, 265, 266, 267, 270, 285, 286, 287, 289, 311, 312, 313, 316, 319, 320, 331, 332, 333, 335, 348, 352, 355, 357, 358, 361, 363, 364, 366, 368, 369, 370, 373, 375, 376, 377, 378, 379, 380, 382, 383, 384], "excluded_lines": [387, 388], "functions": {"RedditBot.__init__": {"executed_lines": [62, 70, 71, 74, 75, 77, 80, 81, 82], "summary": {"covered_lines": 9, "num_statements": 12, "percent_covered": 75.0, "percent_covered_display": "75", "missing_lines": 3, "excluded_lines": 0}, "missing_lines": [83, 84, 85], "excluded_lines": []}, "RedditBot.monitor_subreddits": {"executed_lines": [101, 102, 103], "summary": {"covered_lines": 3, "num_statements": 14, "percent_covered": 21.428571428571427, "percent_covered_display": "21", "missing_lines": 11, "excluded_lines": 0}, "missing_lines": [105, 106, 108, 110, 111, 112, 115, 116, 117, 119, 120], "excluded_lines": []}, "RedditBot.should_process_submission": {"executed_lines": [], "summary": {"covered_lines": 0, "num_statements": 1, "percent_covered": 0.0, "percent_covered_display": "0", "missing_lines": 1, "excluded_lines": 0}, "missing_lines": [133], "excluded_lines": []}, "RedditBot.should_process_comment": {"executed_lines": [], "summary": {"covered_lines": 0, "num_statements": 1, "percent_covered": 0.0, "percent_covered_display": "0", "missing_lines": 1, "excluded_lines": 0}, "missing_lines": [146], "excluded_lines": []}, "RedditBot.extract_video_urls": {"executed_lines": [157, 166, 167, 168, 170], "summary": {"covered_lines": 5, "num_statements": 5, "percent_covered": 100.0, "percent_covered_display": "100", "missing_lines": 0, "excluded_lines": 0}, "missing_lines": [], "excluded_lines": []}, "RedditBot.process_submission": {"executed_lines": [], "summary": {"covered_lines": 0, "num_statements": 1, "percent_covered": 0.0, "percent_covered_display": "0", "missing_lines": 1, "excluded_lines": 0}, "missing_lines": [182], "excluded_lines": []}, "RedditBot.process_comment": {"executed_lines": [], "summary": {"covered_lines": 0, "num_statements": 1, "percent_covered": 0.0, "percent_covered_display": "0", "missing_lines": 1, "excluded_lines": 0}, "missing_lines": [195], "excluded_lines": []}, "RedditBot.find_matches": {"executed_lines": [], "summary": {"covered_lines": 0, "num_statements": 1, "percent_covered": 0.0, "percent_covered_display": "0", "missing_lines": 1, "excluded_lines": 0}, "missing_lines": [209], "excluded_lines": []}, "RedditBot.format_reply": {"executed_lines": [221, 222, 224, 225, 227, 228, 229, 230, 232, 233, 234, 236, 237, 240, 241, 243], "summary": {"covered_lines": 16, "num_statements": 16, "percent_covered": 100.0, "percent_covered_display": "100", "missing_lines": 0, "excluded_lines": 0}, "missing_lines": [], "excluded_lines": []}, "RedditBot.reply_to_submission": {"executed_lines": [254, 255, 257, 258, 259, 260, 261, 263, 272, 273, 274, 276, 278, 279, 280, 283], "summary": {"covered_lines": 16, "num_statements": 24, "percent_covered": 66.66666666666667, "percent_covered_display": "67", "missing_lines": 8, "excluded_lines": 0}, "missing_lines": [265, 266, 267, 270, 285, 286, 287, 289], "excluded_lines": []}, "RedditBot.reply_to_comment": {"executed_lines": [300, 301, 303, 304, 305, 306, 307, 309, 318, 322, 324, 325, 326, 329], "summary": {"covered_lines": 14, "num_statements": 24, "percent_covered": 58.333333333333336, "percent_covered_display": "58", "missing_lines": 10, "excluded_lines": 0}, "missing_lines": [311, 312, 313, 316, 319, 320, 331, 332, 333, 335], "excluded_lines": []}, "main": {"executed_lines": [], "summary": {"covered_lines": 0, "num_statements": 22, "percent_covered": 0.0, "percent_covered_display": "0", "missing_lines": 22, "excluded_lines": 0}, "missing_lines": [348, 352, 355, 357, 358, 361, 363, 364, 366, 368, 369, 370, 373, 375, 376, 377, 378, 379, 380, 382, 383, 384], "excluded_lines": []}, "": {"executed_lines": [1, 18, 19, 20, 21, 23, 24, 25, 34, 35, 36, 37, 40, 41, 51, 87, 122, 135, 148, 172, 185, 198, 211, 245, 291, 338, 387], "summary": {"covered_lines": 24, "num_statements": 24, "percent_covered": 100.0, "percent_covered_display": "100", "missing_lines": 0, "excluded_lines": 2}, "missing_lines": [], "excluded_lines": [387, 388]}}, "classes": {"RedditBot": {"executed_lines": [62, 70, 71, 74, 75, 77, 80, 81, 82, 101, 102, 103, 157, 166, 167, 168, 170, 221, 222, 224, 225, 227, 228, 229, 230, 232, 233, 234, 236, 237, 240, 241, 243, 254, 255, 257, 258, 259, 260, 261, 263, 272, 273, 274, 276, 278, 279, 280, 283, 300, 301, 303, 304, 305, 306, 307, 309, 318, 322, 324, 325, 326, 329], "summary": {"covered_lines": 63, "num_statements": 100, "percent_covered": 63.0, "percent_covered_display": "63", "missing_lines": 37, "excluded_lines": 0}, "missing_lines": [83, 84, 85, 105, 106, 108, 110, 111, 112, 115, 116, 117, 119, 120, 133, 146, 182, 195, 209, 265, 266, 267, 270, 285, 286, 287, 289, 311, 312, 313, 316, 319, 320, 331, 332, 333, 335], "excluded_lines": []}, "": {"executed_lines": [1, 18, 19, 20, 21, 23, 24, 25, 34, 35, 36, 37, 40, 41, 51, 87, 122, 135, 148, 172, 185, 198, 211, 245, 291, 338, 387], "summary": {"covered_lines": 24, "num_statements": 46, "percent_covered": 52.17391304347826, "percent_covered_display": "52", "missing_lines": 22, "excluded_lines": 2}, "missing_lines": [348, 352, 355, 357, 358, 361, 363, 364, 366, 368, 369, 370, 373, 375, 376, 377, 378, 379, 380, 382, 383, 384], "excluded_lines": [387, 388]}}}, "src/bots/twitter_bot.py": {"executed_lines": [1, 2, 4, 5, 7, 8, 9, 10, 11, 14, 15, 20, 22, 31, 32, 33, 34, 36, 38, 60, 62, 65, 66, 69, 72, 74, 76, 78, 87, 88, 89, 91, 93, 117, 180, 198, 203, 208, 215, 217, 218, 219, 220, 228, 229, 232, 235, 237, 248, 249, 250, 253, 255, 258, 260, 261, 262, 263, 265, 266, 267, 269, 272, 273, 274, 277, 285, 286, 289, 292, 295, 322], "summary": {"covered_lines": 70, "num_statements": 174, "percent_covered": 40.229885057471265, "percent_covered_display": "40", "missing_lines": 104, "excluded_lines": 2}, "missing_lines": [40, 42, 46, 47, 48, 50, 51, 52, 53, 54, 55, 57, 58, 95, 97, 98, 100, 101, 102, 105, 106, 108, 109, 111, 113, 114, 115, 119, 121, 123, 124, 126, 127, 130, 131, 133, 134, 137, 139, 141, 142, 152, 155, 157, 158, 160, 161, 162, 165, 166, 167, 168, 172, 174, 176, 177, 178, 182, 184, 185, 186, 187, 189, 190, 191, 193, 194, 196, 200, 201, 205, 206, 210, 213, 221, 222, 223, 224, 225, 226, 233, 256, 270, 278, 279, 280, 281, 282, 283, 290, 297, 301, 303, 304, 305, 308, 310, 312, 313, 314, 315, 316, 317, 319], "excluded_lines": [322, 323], "functions": {"TwitterBot.__init__": {"executed_lines": [22, 31, 32, 33, 34, 36], "summary": {"covered_lines": 6, "num_statements": 6, "percent_covered": 100.0, "percent_covered_display": "100", "missing_lines": 0, "excluded_lines": 0}, "missing_lines": [], "excluded_lines": []}, "TwitterBot.listen_for_mentions": {"executed_lines": [], "summary": {"covered_lines": 0, "num_statements": 13, "percent_covered": 0.0, "percent_covered_display": "0", "missing_lines": 13, "excluded_lines": 0}, "missing_lines": [40, 42, 46, 47, 48, 50, 51, 52, 53, 54, 55, 57, 58], "excluded_lines": []}, "TwitterBot.should_process_mention": {"executed_lines": [62, 65, 66, 69, 72, 74], "summary": {"covered_lines": 6, "num_statements": 6, "percent_covered": 100.0, "percent_covered_display": "100", "missing_lines": 0, "excluded_lines": 0}, "missing_lines": [], "excluded_lines": []}, "TwitterBot.extract_video_urls": {"executed_lines": [78, 87, 88, 89, 91], "summary": {"covered_lines": 5, "num_statements": 5, "percent_covered": 100.0, "percent_covered_display": "100", "missing_lines": 0, "excluded_lines": 0}, "missing_lines": [], "excluded_lines": []}, "TwitterBot.process_mention": {"executed_lines": [], "summary": {"covered_lines": 0, "num_statements": 14, "percent_covered": 0.0, "percent_covered_display": "0", "missing_lines": 14, "excluded_lines": 0}, "missing_lines": [95, 97, 98, 100, 101, 102, 105, 106, 108, 109, 111, 113, 114, 115], "excluded_lines": []}, "TwitterBot.find_matches": {"executed_lines": [], "summary": {"covered_lines": 0, "num_statements": 30, "percent_covered": 0.0, "percent_covered_display": "0", "missing_lines": 30, "excluded_lines": 0}, "missing_lines": [119, 121, 123, 124, 126, 127, 130, 131, 133, 134, 137, 139, 141, 142, 152, 155, 157, 158, 160, 161, 162, 165, 166, 167, 168, 172, 174, 176, 177, 178], "excluded_lines": []}, "TwitterBot.reply_with_matches": {"executed_lines": [], "summary": {"covered_lines": 0, "num_statements": 11, "percent_covered": 0.0, "percent_covered_display": "0", "missing_lines": 11, "excluded_lines": 0}, "missing_lines": [182, 184, 185, 186, 187, 189, 190, 191, 193, 194, 196], "excluded_lines": []}, "TwitterBot.reply_no_matches": {"executed_lines": [], "summary": {"covered_lines": 0, "num_statements": 2, "percent_covered": 0.0, "percent_covered_display": "0", "missing_lines": 2, "excluded_lines": 0}, "missing_lines": [200, 201], "excluded_lines": []}, "TwitterBot.reply_no_video": {"executed_lines": [], "summary": {"covered_lines": 0, "num_statements": 2, "percent_covered": 0.0, "percent_covered_display": "0", "missing_lines": 2, "excluded_lines": 0}, "missing_lines": [205, 206], "excluded_lines": []}, "TwitterBot.reply_error": {"executed_lines": [], "summary": {"covered_lines": 0, "num_statements": 2, "percent_covered": 0.0, "percent_covered_display": "0", "missing_lines": 2, "excluded_lines": 0}, "missing_lines": [210, 213], "excluded_lines": []}, "TwitterBot.send_reply": {"executed_lines": [217, 218, 219, 220], "summary": {"covered_lines": 4, "num_statements": 10, "percent_covered": 40.0, "percent_covered_display": "40", "missing_lines": 6, "excluded_lines": 0}, "missing_lines": [221, 222, 223, 224, 225, 226], "excluded_lines": []}, "TwitterBot._send_reply_impl": {"executed_lines": [232, 235], "summary": {"covered_lines": 2, "num_statements": 3, "percent_covered": 66.66666666666667, "percent_covered_display": "67", "missing_lines": 1, "excluded_lines": 0}, "missing_lines": [233], "excluded_lines": []}, "TwitterBot.post_match_summary": {"executed_lines": [248, 249, 250, 253, 255, 258, 260, 261, 262, 263, 265, 266, 267, 269, 272, 273, 274, 277], "summary": {"covered_lines": 18, "num_statements": 26, "percent_covered": 69.23076923076923, "percent_covered_display": "69", "missing_lines": 8, "excluded_lines": 0}, "missing_lines": [256, 270, 278, 279, 280, 281, 282, 283], "excluded_lines": []}, "TwitterBot._post_match_summary_impl": {"executed_lines": [289, 292], "summary": {"covered_lines": 2, "num_statements": 3, "percent_covered": 66.66666666666667, "percent_covered_display": "67", "missing_lines": 1, "excluded_lines": 0}, "missing_lines": [290], "excluded_lines": []}, "main": {"executed_lines": [], "summary": {"covered_lines": 0, "num_statements": 14, "percent_covered": 0.0, "percent_covered_display": "0", "missing_lines": 14, "excluded_lines": 0}, "missing_lines": [297, 301, 303, 304, 305, 308, 310, 312, 313, 314, 315, 316, 317, 319], "excluded_lines": []}, "": {"executed_lines": [1, 2, 4, 5, 7, 8, 9, 10, 11, 14, 15, 20, 38, 60, 76, 93, 117, 180, 198, 203, 208, 215, 228, 229, 237, 285, 286, 295, 322], "summary": {"covered_lines": 27, "num_statements": 27, "percent_covered": 100.0, "percent_covered_display": "100", "missing_lines": 0, "excluded_lines": 2}, "missing_lines": [], "excluded_lines": [322, 323]}}, "classes": {"TwitterBot": {"executed_lines": [22, 31, 32, 33, 34, 36, 62, 65, 66, 69, 72, 74, 78, 87, 88, 89, 91, 217, 218, 219, 220, 232, 235, 248, 249, 250, 253, 255, 258, 260, 261, 262, 263, 265, 266, 267, 269, 272, 273, 274, 277, 289, 292], "summary": {"covered_lines": 43, "num_statements": 133, "percent_covered": 32.330827067669176, "percent_covered_display": "32", "missing_lines": 90, "excluded_lines": 0}, "missing_lines": [40, 42, 46, 47, 48, 50, 51, 52, 53, 54, 55, 57, 58, 95, 97, 98, 100, 101, 102, 105, 106, 108, 109, 111, 113, 114, 115, 119, 121, 123, 124, 126, 127, 130, 131, 133, 134, 137, 139, 141, 142, 152, 155, 157, 158, 160, 161, 162, 165, 166, 167, 168, 172, 174, 176, 177, 178, 182, 184, 185, 186, 187, 189, 190, 191, 193, 194, 196, 200, 201, 205, 206, 210, 213, 221, 222, 223, 224, 225, 226, 233, 256, 270, 278, 279, 280, 281, 282, 283, 290], "excluded_lines": []}, "": {"executed_lines": [1, 2, 4, 5, 7, 8, 9, 10, 11, 14, 15, 20, 38, 60, 76, 93, 117, 180, 198, 203, 208, 215, 228, 229, 237, 285, 286, 295, 322], "summary": {"covered_lines": 27, "num_statements": 41, "percent_covered": 65.85365853658537, "percent_covered_display": "66", "missing_lines": 14, "excluded_lines": 2}, "missing_lines": [297, 301, 303, 304, 305, 308, 310, 312, 313, 314, 315, 316, 317, 319], "excluded_lines": [322, 323]}}}, "src/bots/utils.py": {"executed_lines": [1, 3, 4, 5, 7, 10, 31, 32, 33, 34, 35, 37, 38, 39, 41, 42, 43, 44, 47, 50, 51, 52, 53, 56, 59, 60, 63, 65, 66, 67, 68, 71, 73, 74, 77, 79, 81], "summary": {"covered_lines": 36, "num_statements": 36, "percent_covered": 100.0, "percent_covered_display": "100", "missing_lines": 0, "excluded_lines": 0}, "missing_lines": [], "excluded_lines": [], "functions": {"twitter_retry": {"executed_lines": [31, 32, 81], "summary": {"covered_lines": 3, "num_statements": 3, "percent_covered": 100.0, "percent_covered_display": "100", "missing_lines": 0, "excluded_lines": 0}, "missing_lines": [], "excluded_lines": []}, "twitter_retry.decorator": {"executed_lines": [33, 79], "summary": {"covered_lines": 2, "num_statements": 2, "percent_covered": 100.0, "percent_covered_display": "100", "missing_lines": 0, "excluded_lines": 0}, "missing_lines": [], "excluded_lines": []}, "twitter_retry.decorator.wrapper": {"executed_lines": [34, 35, 37, 38, 39, 41, 42, 43, 44, 47, 50, 51, 52, 53, 56, 59, 60, 63, 65, 66, 67, 68, 71, 73, 74, 77], "summary": {"covered_lines": 26, "num_statements": 26, "percent_covered": 100.0, "percent_covered_display": "100", "missing_lines": 0, "excluded_lines": 0}, "missing_lines": [], "excluded_lines": []}, "": {"executed_lines": [1, 3, 4, 5, 7, 10], "summary": {"covered_lines": 5, "num_statements": 5, "percent_covered": 100.0, "percent_covered_display": "100", "missing_lines": 0, "excluded_lines": 0}, "missing_lines": [], "excluded_lines": []}}, "classes": {"": {"executed_lines": [1, 3, 4, 5, 7, 10, 31, 32, 33, 34, 35, 37, 38, 39, 41, 42, 43, 44, 47, 50, 51, 52, 53, 56, 59, 60, 63, 65, 66, 67, 68, 71, 73, 74, 77, 79, 81], "summary": {"covered_lines": 36, "num_statements": 36, "percent_covered": 100.0, "percent_covered_display": "100", "missing_lines": 0, "excluded_lines": 0}, "missing_lines": [], "excluded_lines": []}}}, "src/core/__init__.py": {"executed_lines": [0], "summary": {"covered_lines": 0, "num_statements": 0, "percent_covered": 100.0, "percent_covered_display": "100", "missing_lines": 0, "excluded_lines": 0}, "missing_lines": [], "excluded_lines": [], "functions": {"": {"executed_lines": [], "summary": {"covered_lines": 0, "num_statements": 0, "percent_covered": 100.0, "percent_covered_display": "100", "missing_lines": 0, "excluded_lines": 0}, "missing_lines": [], "excluded_lines": []}}, "classes": {"": {"executed_lines": [], "summary": {"covered_lines": 0, "num_statements": 0, "percent_covered": 100.0, "percent_covered_display": "100", "missing_lines": 0, "excluded_lines": 0}, "missing_lines": [], "excluded_lines": []}}}, "src/core/audio_fingerprinting.py": {"executed_lines": [1, 2, 3, 5, 6, 7, 9, 12, 13, 30, 34, 35, 37, 40, 41, 42, 43, 46, 56, 57, 58, 59, 60, 62, 74, 75, 77, 78, 82, 83, 87, 88, 90, 91, 96, 109, 110, 111, 112, 113, 115, 120, 121, 123, 127, 128, 131, 132, 134, 135, 136, 137, 142, 143, 144, 147, 150, 153, 155, 165, 169, 171, 172, 173, 175, 176, 180, 181, 185, 186, 189, 190, 191, 193, 194, 195, 197, 206, 208, 229, 230, 233, 234, 237, 239, 240, 241, 243, 246, 247, 248, 249, 251, 253, 274, 275, 277, 315, 316, 317, 318, 320, 321, 323, 324, 325, 326, 327, 328, 330, 333, 334, 339, 340, 343, 344, 348, 349, 350, 353, 356, 358, 359, 365, 367, 370, 377, 379, 381, 383, 415, 416, 417, 418, 419, 420, 421, 422, 424, 425, 427, 428, 429, 432, 435, 436, 437, 439, 442, 453, 463], "summary": {"covered_lines": 150, "num_statements": 158, "percent_covered": 94.9367088607595, "percent_covered_display": "95", "missing_lines": 8, "excluded_lines": 0}, "missing_lines": [177, 329, 335, 336, 337, 345, 438, 440], "excluded_lines": [], "functions": {"AudioFingerprinter.__init__": {"executed_lines": [34, 35, 37, 40, 41, 42, 43, 46, 56, 57, 58, 59, 60], "summary": {"covered_lines": 13, "num_statements": 13, "percent_covered": 100.0, "percent_covered_display": "100", "missing_lines": 0, "excluded_lines": 0}, "missing_lines": [], "excluded_lines": []}, "AudioFingerprinter._validate_parameters": {"executed_lines": [74, 75, 77, 78, 82, 83, 87, 88, 90, 91], "summary": {"covered_lines": 10, "num_statements": 10, "percent_covered": 100.0, "percent_covered_display": "100", "missing_lines": 0, "excluded_lines": 0}, "missing_lines": [], "excluded_lines": []}, "AudioFingerprinter.load_audio": {"executed_lines": [109, 110, 111, 112, 113], "summary": {"covered_lines": 5, "num_statements": 5, "percent_covered": 100.0, "percent_covered_display": "100", "missing_lines": 0, "excluded_lines": 0}, "missing_lines": [], "excluded_lines": []}, "AudioFingerprinter.extract_fingerprint": {"executed_lines": [120, 121], "summary": {"covered_lines": 2, "num_statements": 2, "percent_covered": 100.0, "percent_covered_display": "100", "missing_lines": 0, "excluded_lines": 0}, "missing_lines": [], "excluded_lines": []}, "AudioFingerprinter.extract_fingerprint_from_audio": {"executed_lines": [127, 128, 131, 132, 134, 135, 136, 137, 142, 143, 144, 147, 150, 153, 155], "summary": {"covered_lines": 15, "num_statements": 15, "percent_covered": 100.0, "percent_covered_display": "100", "missing_lines": 0, "excluded_lines": 0}, "missing_lines": [], "excluded_lines": []}, "AudioFingerprinter._extract_frame_peaks": {"executed_lines": [169, 171, 172, 173, 175, 176, 180, 181, 185, 186, 189, 190, 191, 193, 194, 195, 197, 206], "summary": {"covered_lines": 18, "num_statements": 19, "percent_covered": 94.73684210526316, "percent_covered_display": "95", "missing_lines": 1, "excluded_lines": 0}, "missing_lines": [177], "excluded_lines": []}, "AudioFingerprinter._create_compact_fingerprint": {"executed_lines": [229, 230, 233, 234, 237, 239, 240, 241, 243, 246, 247, 248, 249, 251], "summary": {"covered_lines": 14, "num_statements": 14, "percent_covered": 100.0, "percent_covered_display": "100", "missing_lines": 0, "excluded_lines": 0}, "missing_lines": [], "excluded_lines": []}, "AudioFingerprinter._hash_fingerprint": {"executed_lines": [274, 275], "summary": {"covered_lines": 2, "num_statements": 2, "percent_covered": 100.0, "percent_covered_display": "100", "missing_lines": 0, "excluded_lines": 0}, "missing_lines": [], "excluded_lines": []}, "AudioFingerprinter.compare_fingerprints": {"executed_lines": [315, 316, 317, 318, 320, 321, 323, 324, 325, 326, 327, 328, 330, 333, 334, 339, 340, 343, 344, 348, 349, 350, 353, 356, 358, 359, 365], "summary": {"covered_lines": 27, "num_statements": 32, "percent_covered": 84.375, "percent_covered_display": "84", "missing_lines": 5, "excluded_lines": 0}, "missing_lines": [329, 335, 336, 337, 345], "excluded_lines": []}, "AudioFingerprinter.serialize_fingerprint": {"executed_lines": [370, 377], "summary": {"covered_lines": 2, "num_statements": 2, "percent_covered": 100.0, "percent_covered_display": "100", "missing_lines": 0, "excluded_lines": 0}, "missing_lines": [], "excluded_lines": []}, "AudioFingerprinter.deserialize_fingerprint": {"executed_lines": [381], "summary": {"covered_lines": 1, "num_statements": 1, "percent_covered": 100.0, "percent_covered_display": "100", "missing_lines": 0, "excluded_lines": 0}, "missing_lines": [], "excluded_lines": []}, "AudioFingerprinter.rank_matches": {"executed_lines": [415, 416, 417, 418, 419, 420, 421, 422, 424, 425, 427, 428, 429, 432, 435, 436, 437, 439, 442, 453, 463], "summary": {"covered_lines": 21, "num_statements": 23, "percent_covered": 91.30434782608695, "percent_covered_display": "91", "missing_lines": 2, "excluded_lines": 0}, "missing_lines": [438, 440], "excluded_lines": []}, "": {"executed_lines": [1, 2, 3, 5, 6, 7, 9, 12, 13, 30, 62, 96, 115, 123, 165, 208, 253, 277, 367, 379, 383], "summary": {"covered_lines": 20, "num_statements": 20, "percent_covered": 100.0, "percent_covered_display": "100", "missing_lines": 0, "excluded_lines": 0}, "missing_lines": [], "excluded_lines": []}}, "classes": {"AudioFingerprinter": {"executed_lines": [34, 35, 37, 40, 41, 42, 43, 46, 56, 57, 58, 59, 60, 74, 75, 77, 78, 82, 83, 87, 88, 90, 91, 109, 110, 111, 112, 113, 120, 121, 127, 128, 131, 132, 134, 135, 136, 137, 142, 143, 144, 147, 150, 153, 155, 169, 171, 172, 173, 175, 176, 180, 181, 185, 186, 189, 190, 191, 193, 194, 195, 197, 206, 229, 230, 233, 234, 237, 239, 240, 241, 243, 246, 247, 248, 249, 251, 274, 275, 315, 316, 317, 318, 320, 321, 323, 324, 325, 326, 327, 328, 330, 333, 334, 339, 340, 343, 344, 348, 349, 350, 353, 356, 358, 359, 365, 370, 377, 381, 415, 416, 417, 418, 419, 420, 421, 422, 424, 425, 427, 428, 429, 432, 435, 436, 437, 439, 442, 453, 463], "summary": {"covered_lines": 130, "num_statements": 138, "percent_covered": 94.20289855072464, "percent_covered_display": "94", "missing_lines": 8, "excluded_lines": 0}, "missing_lines": [177, 329, 335, 336, 337, 345, 438, 440], "excluded_lines": []}, "": {"executed_lines": [1, 2, 3, 5, 6, 7, 9, 12, 13, 30, 62, 96, 115, 123, 165, 208, 253, 277, 367, 379, 383], "summary": {"covered_lines": 20, "num_statements": 20, "percent_covered": 100.0, "percent_covered_display": "100", "missing_lines": 0, "excluded_lines": 0}, "missing_lines": [], "excluded_lines": []}}}, "src/core/video_processor.py": {"executed_lines": [1, 2, 3, 4, 5, 6, 8, 9, 11, 14, 15, 17, 18, 23, 26, 29, 30, 35, 49, 50, 51, 54, 57, 58, 61, 68, 71, 72, 73, 75, 76, 77, 79, 84, 86, 100, 101, 104, 110, 112, 116, 117, 132, 137, 138, 155, 157, 160, 161, 162, 163, 183, 184, 185, 187, 188, 189, 190, 195, 202, 203, 205, 206, 207, 212, 213, 214, 215, 217, 220, 241, 242, 245, 252, 257, 260, 268, 279, 280, 281, 282, 290, 291, 296, 297, 300, 302, 305, 345, 346, 347, 348, 349, 350, 355, 356, 362, 366, 369, 370, 378, 380, 381, 382, 385, 386, 394, 396, 398, 399, 400, 401, 404, 405, 409, 412, 413, 420, 421, 429, 430, 448, 450, 459, 461, 463, 464, 465, 467, 468, 469, 470, 472, 474, 475, 492, 493, 494, 496, 505, 506, 508, 509, 511, 513, 514, 518, 521, 522, 524, 525, 527, 528, 529, 532, 538, 542, 543, 544, 548, 554, 557, 558, 563, 569, 571, 572, 588, 589, 590, 591, 593, 597, 598, 620, 626, 628, 629, 631, 632, 635, 636, 637, 639, 644, 667, 727, 734, 735, 737, 738, 739, 740, 741, 742, 743, 744, 748, 753, 755, 756, 757, 758, 759, 760, 761, 762, 766, 835, 839, 840, 843, 845, 848, 849, 852, 853, 865, 866, 867, 869, 870, 872, 873, 876, 877, 878, 879, 880, 881, 882, 884, 887, 889, 890, 891, 893], "summary": {"covered_lines": 235, "num_statements": 400, "percent_covered": 58.75, "percent_covered_display": "59", "missing_lines": 165, "excluded_lines": 2}, "missing_lines": [19, 20, 24, 74, 105, 106, 107, 118, 126, 127, 128, 129, 139, 147, 148, 149, 150, 151, 153, 182, 186, 191, 192, 193, 246, 247, 248, 249, 253, 263, 264, 265, 269, 270, 271, 274, 275, 276, 292, 293, 294, 295, 308, 309, 310, 318, 319, 321, 322, 323, 324, 325, 327, 330, 331, 334, 336, 337, 338, 340, 341, 342, 343, 363, 379, 395, 424, 425, 426, 432, 433, 434, 435, 436, 438, 439, 442, 443, 444, 446, 515, 516, 550, 565, 566, 567, 622, 623, 624, 641, 642, 653, 654, 655, 656, 657, 660, 661, 662, 665, 679, 680, 682, 684, 685, 686, 689, 691, 692, 696, 699, 700, 701, 703, 705, 706, 709, 710, 711, 712, 713, 714, 717, 718, 719, 720, 721, 722, 723, 725, 745, 746, 750, 751, 763, 764, 768, 770, 778, 779, 791, 792, 793, 795, 797, 800, 801, 802, 803, 822, 823, 824, 825, 826, 827, 828, 829, 830, 831, 832, 833, 892, 894, 895, 896], "excluded_lines": [11, 12], "functions": {"VideoProcessor.__init__": {"executed_lines": [49, 50, 51, 54, 57, 58, 61, 68, 71, 72, 73, 75, 76, 77], "summary": {"covered_lines": 14, "num_statements": 15, "percent_covered": 93.33333333333333, "percent_covered_display": "93", "missing_lines": 1, "excluded_lines": 0}, "missing_lines": [74], "excluded_lines": []}, "VideoProcessor.download_video_info": {"executed_lines": [84, 86, 100, 101, 104, 110, 112, 116, 117, 132, 137, 138, 155, 157, 160, 161, 162, 163, 183, 184, 185, 187, 188, 189, 190], "summary": {"covered_lines": 25, "num_statements": 45, "percent_covered": 55.55555555555556, "percent_covered_display": "56", "missing_lines": 20, "excluded_lines": 0}, "missing_lines": [105, 106, 107, 118, 126, 127, 128, 129, 139, 147, 148, 149, 150, 151, 153, 182, 186, 191, 192, 193], "excluded_lines": []}, "VideoProcessor.download_video_audio": {"executed_lines": [202, 203, 205, 206, 207, 212, 213, 214, 215, 217, 220, 241, 242, 245, 252, 257, 260, 268, 279, 280, 281, 282, 290, 291, 296, 297, 300, 302, 305, 345, 346, 347, 348, 349, 350, 355, 356, 362, 366, 369, 370, 378, 380, 381, 382, 385, 386, 394, 396, 398, 399, 400, 401, 404, 405, 409, 412, 413, 420, 421, 429, 430], "summary": {"covered_lines": 62, "num_statements": 118, "percent_covered": 52.54237288135593, "percent_covered_display": "53", "missing_lines": 56, "excluded_lines": 0}, "missing_lines": [246, 247, 248, 249, 253, 263, 264, 265, 269, 270, 271, 274, 275, 276, 292, 293, 294, 295, 308, 309, 310, 318, 319, 321, 322, 323, 324, 325, 327, 330, 331, 334, 336, 337, 338, 340, 341, 342, 343, 363, 379, 395, 424, 425, 426, 432, 433, 434, 435, 436, 438, 439, 442, 443, 444, 446], "excluded_lines": []}, "VideoProcessor._get_random_user_agent": {"executed_lines": [450, 459], "summary": {"covered_lines": 2, "num_statements": 2, "percent_covered": 100.0, "percent_covered_display": "100", "missing_lines": 0, "excluded_lines": 0}, "missing_lines": [], "excluded_lines": []}, "VideoProcessor._get_proxy": {"executed_lines": [463, 464, 465, 467, 468, 469, 470], "summary": {"covered_lines": 7, "num_statements": 7, "percent_covered": 100.0, "percent_covered_display": "100", "missing_lines": 0, "excluded_lines": 0}, "missing_lines": [], "excluded_lines": []}, "VideoProcessor._convert_to_wav": {"executed_lines": [474, 475, 492, 493, 494], "summary": {"covered_lines": 5, "num_statements": 5, "percent_covered": 100.0, "percent_covered_display": "100", "missing_lines": 0, "excluded_lines": 0}, "missing_lines": [], "excluded_lines": []}, "VideoProcessor.segment_audio": {"executed_lines": [505, 506, 508, 509, 511, 513, 514, 518, 521, 522, 524, 525, 527, 528, 529, 532, 538, 542, 543, 544, 548, 554, 557, 558, 563], "summary": {"covered_lines": 25, "num_statements": 31, "percent_covered": 80.64516129032258, "percent_covered_display": "81", "missing_lines": 6, "excluded_lines": 0}, "missing_lines": [515, 516, 550, 565, 566, 567], "excluded_lines": []}, "VideoProcessor._get_audio_duration": {"executed_lines": [571, 572, 588, 589, 590, 591], "summary": {"covered_lines": 6, "num_statements": 6, "percent_covered": 100.0, "percent_covered_display": "100", "missing_lines": 0, "excluded_lines": 0}, "missing_lines": [], "excluded_lines": []}, "VideoProcessor._extract_audio_segment": {"executed_lines": [597, 598, 620], "summary": {"covered_lines": 3, "num_statements": 6, "percent_covered": 50.0, "percent_covered_display": "50", "missing_lines": 3, "excluded_lines": 0}, "missing_lines": [622, 623, 624], "excluded_lines": []}, "VideoProcessor.cleanup_temp_files": {"executed_lines": [628, 629, 631, 632, 635, 636, 637, 639], "summary": {"covered_lines": 8, "num_statements": 10, "percent_covered": 80.0, "percent_covered_display": "80", "missing_lines": 2, "excluded_lines": 0}, "missing_lines": [641, 642], "excluded_lines": []}, "VideoProcessor.get_channel_videos": {"executed_lines": [], "summary": {"covered_lines": 0, "num_statements": 9, "percent_covered": 0.0, "percent_covered_display": "0", "missing_lines": 9, "excluded_lines": 0}, "missing_lines": [653, 654, 655, 656, 657, 660, 661, 662, 665], "excluded_lines": []}, "VideoProcessor.process_video_for_fingerprinting": {"executed_lines": [], "summary": {"covered_lines": 0, "num_statements": 30, "percent_covered": 0.0, "percent_covered_display": "0", "missing_lines": 30, "excluded_lines": 0}, "missing_lines": [679, 680, 682, 684, 685, 686, 689, 691, 692, 696, 699, 700, 701, 703, 705, 706, 709, 710, 711, 712, 713, 714, 717, 718, 719, 720, 721, 722, 723, 725], "excluded_lines": []}, "VideoProcessor.cleanup_segments": {"executed_lines": [734, 735, 737, 738, 739, 740, 741, 742, 743, 744, 748], "summary": {"covered_lines": 11, "num_statements": 15, "percent_covered": 73.33333333333333, "percent_covered_display": "73", "missing_lines": 4, "excluded_lines": 0}, "missing_lines": [745, 746, 750, 751], "excluded_lines": []}, "VideoProcessor._extract_video_id": {"executed_lines": [755, 756, 757, 758, 759, 760, 761, 762], "summary": {"covered_lines": 8, "num_statements": 10, "percent_covered": 80.0, "percent_covered_display": "80", "missing_lines": 2, "excluded_lines": 0}, "missing_lines": [763, 764], "excluded_lines": []}, "VideoProcessor._download_video_info_ytdlp": {"executed_lines": [], "summary": {"covered_lines": 0, "num_statements": 25, "percent_covered": 0.0, "percent_covered_display": "0", "missing_lines": 25, "excluded_lines": 0}, "missing_lines": [768, 770, 778, 779, 791, 792, 793, 795, 797, 800, 801, 802, 803, 822, 823, 824, 825, 826, 827, 828, 829, 830, 831, 832, 833], "excluded_lines": []}, "VideoProcessor._get_channel_videos_ytdlp": {"executed_lines": [839, 840, 843, 845, 848, 849, 852, 853, 865, 866, 867, 869, 870, 872, 873, 876, 877, 878, 879, 880, 881, 882, 884, 887, 889, 890, 891, 893], "summary": {"covered_lines": 28, "num_statements": 32, "percent_covered": 87.5, "percent_covered_display": "88", "missing_lines": 4, "excluded_lines": 0}, "missing_lines": [892, 894, 895, 896], "excluded_lines": []}, "": {"executed_lines": [1, 2, 3, 4, 5, 6, 8, 9, 11, 14, 15, 17, 18, 23, 26, 29, 30, 35, 79, 195, 448, 461, 472, 496, 569, 593, 626, 644, 667, 727, 753, 766, 835], "summary": {"covered_lines": 31, "num_statements": 34, "percent_covered": 91.17647058823529, "percent_covered_display": "91", "missing_lines": 3, "excluded_lines": 2}, "missing_lines": [19, 20, 24], "excluded_lines": [11, 12]}}, "classes": {"VideoProcessor": {"executed_lines": [49, 50, 51, 54, 57, 58, 61, 68, 71, 72, 73, 75, 76, 77, 84, 86, 100, 101, 104, 110, 112, 116, 117, 132, 137, 138, 155, 157, 160, 161, 162, 163, 183, 184, 185, 187, 188, 189, 190, 202, 203, 205, 206, 207, 212, 213, 214, 215, 217, 220, 241, 242, 245, 252, 257, 260, 268, 279, 280, 281, 282, 290, 291, 296, 297, 300, 302, 305, 345, 346, 347, 348, 349, 350, 355, 356, 362, 366, 369, 370, 378, 380, 381, 382, 385, 386, 394, 396, 398, 399, 400, 401, 404, 405, 409, 412, 413, 420, 421, 429, 430, 450, 459, 463, 464, 465, 467, 468, 469, 470, 474, 475, 492, 493, 494, 505, 506, 508, 509, 511, 513, 514, 518, 521, 522, 524, 525, 527, 528, 529, 532, 538, 542, 543, 544, 548, 554, 557, 558, 563, 571, 572, 588, 589, 590, 591, 597, 598, 620, 628, 629, 631, 632, 635, 636, 637, 639, 734, 735, 737, 738, 739, 740, 741, 742, 743, 744, 748, 755, 756, 757, 758, 759, 760, 761, 762, 839, 840, 843, 845, 848, 849, 852, 853, 865, 866, 867, 869, 870, 872, 873, 876, 877, 878, 879, 880, 881, 882, 884, 887, 889, 890, 891, 893], "summary": {"covered_lines": 204, "num_statements": 366, "percent_covered": 55.73770491803279, "percent_covered_display": "56", "missing_lines": 162, "excluded_lines": 0}, "missing_lines": [74, 105, 106, 107, 118, 126, 127, 128, 129, 139, 147, 148, 149, 150, 151, 153, 182, 186, 191, 192, 193, 246, 247, 248, 249, 253, 263, 264, 265, 269, 270, 271, 274, 275, 276, 292, 293, 294, 295, 308, 309, 310, 318, 319, 321, 322, 323, 324, 325, 327, 330, 331, 334, 336, 337, 338, 340, 341, 342, 343, 363, 379, 395, 424, 425, 426, 432, 433, 434, 435, 436, 438, 439, 442, 443, 444, 446, 515, 516, 550, 565, 566, 567, 622, 623, 624, 641, 642, 653, 654, 655, 656, 657, 660, 661, 662, 665, 679, 680, 682, 684, 685, 686, 689, 691, 692, 696, 699, 700, 701, 703, 705, 706, 709, 710, 711, 712, 713, 714, 717, 718, 719, 720, 721, 722, 723, 725, 745, 746, 750, 751, 763, 764, 768, 770, 778, 779, 791, 792, 793, 795, 797, 800, 801, 802, 803, 822, 823, 824, 825, 826, 827, 828, 829, 830, 831, 832, 833, 892, 894, 895, 896], "excluded_lines": []}, "": {"executed_lines": [1, 2, 3, 4, 5, 6, 8, 9, 11, 14, 15, 17, 18, 23, 26, 29, 30, 35, 79, 195, 448, 461, 472, 496, 569, 593, 626, 644, 667, 727, 753, 766, 835], "summary": {"covered_lines": 31, "num_statements": 34, "percent_covered": 91.17647058823529, "percent_covered_display": "91", "missing_lines": 3, "excluded_lines": 2}, "missing_lines": [19, 20, 24], "excluded_lines": [11, 12]}}}, "src/database/__init__.py": {"executed_lines": [1, 3, 4, 5, 16], "summary": {"covered_lines": 4, "num_statements": 4, "percent_covered": 100.0, "percent_covered_display": "100", "missing_lines": 0, "excluded_lines": 0}, "missing_lines": [], "excluded_lines": [], "functions": {"": {"executed_lines": [1, 3, 4, 5, 16], "summary": {"covered_lines": 4, "num_statements": 4, "percent_covered": 100.0, "percent_covered_display": "100", "missing_lines": 0, "excluded_lines": 0}, "missing_lines": [], "excluded_lines": []}}, "classes": {"": {"executed_lines": [1, 3, 4, 5, 16], "summary": {"covered_lines": 4, "num_statements": 4, "percent_covered": 100.0, "percent_covered_display": "100", "missing_lines": 0, "excluded_lines": 0}, "missing_lines": [], "excluded_lines": []}}}, "src/database/connection.py": {"executed_lines": [1, 3, 4, 5, 7, 10, 11, 12, 13, 15, 21, 24, 25, 26, 28, 29, 30, 31, 32, 40, 45, 47, 48, 49, 50, 52, 54, 59], "summary": {"covered_lines": 28, "num_statements": 30, "percent_covered": 93.33333333333333, "percent_covered_display": "93", "missing_lines": 2, "excluded_lines": 0}, "missing_lines": [27, 55], "excluded_lines": [], "functions": {"DatabaseManager.__init__": {"executed_lines": [12, 13], "summary": {"covered_lines": 2, "num_statements": 2, "percent_covered": 100.0, "percent_covered_display": "100", "missing_lines": 0, "excluded_lines": 0}, "missing_lines": [], "excluded_lines": []}, "DatabaseManager.initialize": {"executed_lines": [21, 24, 25, 26, 28, 29, 30, 31, 32, 40], "summary": {"covered_lines": 10, "num_statements": 11, "percent_covered": 90.9090909090909, "percent_covered_display": "91", "missing_lines": 1, "excluded_lines": 0}, "missing_lines": [27], "excluded_lines": []}, "DatabaseManager.get_session": {"executed_lines": [47, 48, 49, 50], "summary": {"covered_lines": 4, "num_statements": 4, "percent_covered": 100.0, "percent_covered_display": "100", "missing_lines": 0, "excluded_lines": 0}, "missing_lines": [], "excluded_lines": []}, "DatabaseManager.close": {"executed_lines": [54], "summary": {"covered_lines": 1, "num_statements": 2, "percent_covered": 50.0, "percent_covered_display": "50", "missing_lines": 1, "excluded_lines": 0}, "missing_lines": [55], "excluded_lines": []}, "": {"executed_lines": [1, 3, 4, 5, 7, 10, 11, 15, 45, 52, 59], "summary": {"covered_lines": 11, "num_statements": 11, "percent_covered": 100.0, "percent_covered_display": "100", "missing_lines": 0, "excluded_lines": 0}, "missing_lines": [], "excluded_lines": []}}, "classes": {"DatabaseManager": {"executed_lines": [12, 13, 21, 24, 25, 26, 28, 29, 30, 31, 32, 40, 47, 48, 49, 50, 54], "summary": {"covered_lines": 17, "num_statements": 19, "percent_covered": 89.47368421052632, "percent_covered_display": "89", "missing_lines": 2, "excluded_lines": 0}, "missing_lines": [27, 55], "excluded_lines": []}, "": {"executed_lines": [1, 3, 4, 5, 7, 10, 11, 15, 45, 52, 59], "summary": {"covered_lines": 11, "num_statements": 11, "percent_covered": 100.0, "percent_covered_display": "100", "missing_lines": 0, "excluded_lines": 0}, "missing_lines": [], "excluded_lines": []}}}, "src/database/migration_validator.py": {"executed_lines": [1, 9, 10, 13, 14, 16, 18, 19, 21, 23, 24, 25, 26, 28, 31, 32, 33, 34, 42, 43, 44, 47, 48, 49, 50, 54, 56, 59, 60, 62, 69, 70, 71, 73, 75, 78, 79, 81, 82, 83, 84, 86, 87, 89, 90, 91, 93, 104, 105, 107, 108, 109, 110, 111, 113, 124, 127, 128, 129, 130, 131, 132, 134, 144, 147, 160, 161, 163, 164, 165, 167, 169, 176, 177, 179, 180, 182, 183, 185, 186, 188, 190, 201, 202, 204, 205, 206, 210, 211, 213, 226, 227, 229, 231, 233, 234, 235, 236, 237, 240], "summary": {"covered_lines": 97, "num_statements": 104, "percent_covered": 93.26923076923077, "percent_covered_display": "93", "missing_lines": 7, "excluded_lines": 0}, "missing_lines": [51, 52, 76, 125, 145, 166, 238], "excluded_lines": [], "functions": {"AlembicOperationVisitor.__init__": {"executed_lines": [18, 19], "summary": {"covered_lines": 2, "num_statements": 2, "percent_covered": 100.0, "percent_covered_display": "100", "missing_lines": 0, "excluded_lines": 0}, "missing_lines": [], "excluded_lines": []}, "AlembicOperationVisitor.visit_FunctionDef": {"executed_lines": [23, 24, 25, 26], "summary": {"covered_lines": 4, "num_statements": 4, "percent_covered": 100.0, "percent_covered_display": "100", "missing_lines": 0, "excluded_lines": 0}, "missing_lines": [], "excluded_lines": []}, "AlembicOperationVisitor.visit_Call": {"executed_lines": [31, 32, 33, 34, 42, 43, 44, 47, 48, 49, 50, 54, 56], "summary": {"covered_lines": 13, "num_statements": 15, "percent_covered": 86.66666666666667, "percent_covered_display": "87", "missing_lines": 2, "excluded_lines": 0}, "missing_lines": [51, 52], "excluded_lines": []}, "MigrationValidator.__init__": {"executed_lines": [69, 70, 71], "summary": {"covered_lines": 3, "num_statements": 3, "percent_covered": 100.0, "percent_covered_display": "100", "missing_lines": 0, "excluded_lines": 0}, "missing_lines": [], "excluded_lines": []}, "MigrationValidator.parse": {"executed_lines": [75, 78, 79, 81, 82, 83, 84], "summary": {"covered_lines": 7, "num_statements": 8, "percent_covered": 87.5, "percent_covered_display": "88", "missing_lines": 1, "excluded_lines": 0}, "missing_lines": [76], "excluded_lines": []}, "MigrationValidator.operations": {"executed_lines": [89, 90, 91], "summary": {"covered_lines": 3, "num_statements": 3, "percent_covered": 100.0, "percent_covered_display": "100", "missing_lines": 0, "excluded_lines": 0}, "missing_lines": [], "excluded_lines": []}, "MigrationValidator.has_operation": {"executed_lines": [104, 105, 107, 108, 109, 110, 111], "summary": {"covered_lines": 7, "num_statements": 7, "percent_covered": 100.0, "percent_covered_display": "100", "missing_lines": 0, "excluded_lines": 0}, "missing_lines": [], "excluded_lines": []}, "MigrationValidator.get_operations": {"executed_lines": [124, 127, 128, 129, 130, 131, 132], "summary": {"covered_lines": 7, "num_statements": 8, "percent_covered": 87.5, "percent_covered_display": "88", "missing_lines": 1, "excluded_lines": 0}, "missing_lines": [125], "excluded_lines": []}, "MigrationValidator.has_table_modification": {"executed_lines": [144, 147, 160, 161, 163, 164, 165, 167], "summary": {"covered_lines": 8, "num_statements": 10, "percent_covered": 80.0, "percent_covered_display": "80", "missing_lines": 2, "excluded_lines": 0}, "missing_lines": [145, 166], "excluded_lines": []}, "MigrationValidator.get_modified_tables": {"executed_lines": [176, 177, 179, 180, 182, 183, 185, 186, 188], "summary": {"covered_lines": 9, "num_statements": 9, "percent_covered": 100.0, "percent_covered_display": "100", "missing_lines": 0, "excluded_lines": 0}, "missing_lines": [], "excluded_lines": []}, "MigrationValidator.validates_column_addition": {"executed_lines": [201, 202, 204, 205, 206, 210, 211], "summary": {"covered_lines": 7, "num_statements": 7, "percent_covered": 100.0, "percent_covered_display": "100", "missing_lines": 0, "excluded_lines": 0}, "missing_lines": [], "excluded_lines": []}, "MigrationValidator.validates_index_creation": {"executed_lines": [226, 227, 229, 231, 233, 234, 235, 236, 237, 240], "summary": {"covered_lines": 10, "num_statements": 11, "percent_covered": 90.9090909090909, "percent_covered_display": "91", "missing_lines": 1, "excluded_lines": 0}, "missing_lines": [238], "excluded_lines": []}, "": {"executed_lines": [1, 9, 10, 13, 14, 16, 21, 28, 59, 60, 62, 73, 86, 87, 93, 113, 134, 169, 190, 213], "summary": {"covered_lines": 17, "num_statements": 17, "percent_covered": 100.0, "percent_covered_display": "100", "missing_lines": 0, "excluded_lines": 0}, "missing_lines": [], "excluded_lines": []}}, "classes": {"AlembicOperationVisitor": {"executed_lines": [18, 19, 23, 24, 25, 26, 31, 32, 33, 34, 42, 43, 44, 47, 48, 49, 50, 54, 56], "summary": {"covered_lines": 19, "num_statements": 21, "percent_covered": 90.47619047619048, "percent_covered_display": "90", "missing_lines": 2, "excluded_lines": 0}, "missing_lines": [51, 52], "excluded_lines": []}, "MigrationValidator": {"executed_lines": [69, 70, 71, 75, 78, 79, 81, 82, 83, 84, 89, 90, 91, 104, 105, 107, 108, 109, 110, 111, 124, 127, 128, 129, 130, 131, 132, 144, 147, 160, 161, 163, 164, 165, 167, 176, 177, 179, 180, 182, 183, 185, 186, 188, 201, 202, 204, 205, 206, 210, 211, 226, 227, 229, 231, 233, 234, 235, 236, 237, 240], "summary": {"covered_lines": 61, "num_statements": 66, "percent_covered": 92.42424242424242, "percent_covered_display": "92", "missing_lines": 5, "excluded_lines": 0}, "missing_lines": [76, 125, 145, 166, 238], "excluded_lines": []}, "": {"executed_lines": [1, 9, 10, 13, 14, 16, 21, 28, 59, 60, 62, 73, 86, 87, 93, 113, 134, 169, 190, 213], "summary": {"covered_lines": 17, "num_statements": 17, "percent_covered": 100.0, "percent_covered_display": "100", "missing_lines": 0, "excluded_lines": 0}, "missing_lines": [], "excluded_lines": []}}}, "src/database/models.py": {"executed_lines": [1, 3, 15, 16, 18, 21, 22, 24, 25, 26, 27, 28, 29, 30, 31, 32, 33, 36, 39, 40, 42, 43, 44, 45, 46, 47, 48, 49, 50, 51, 52, 55, 56, 57, 58, 61, 62, 65, 66, 69, 70, 72, 73, 76, 77, 80, 81, 84, 85, 88, 89, 92, 93, 96, 99, 102, 103, 105, 106, 107, 110, 111, 114, 115, 116, 119, 120, 122, 125, 126, 128, 129, 130, 133, 134, 137, 138, 141, 142, 143, 146, 147, 148, 152, 153, 154, 155, 156, 157, 158, 159, 160, 163, 164, 165, 166, 169, 170], "summary": {"covered_lines": 98, "num_statements": 98, "percent_covered": 100.0, "percent_covered_display": "100", "missing_lines": 0, "excluded_lines": 0}, "missing_lines": [], "excluded_lines": [], "functions": {"": {"executed_lines": [1, 3, 15, 16, 18, 21, 22, 24, 25, 26, 27, 28, 29, 30, 31, 32, 33, 36, 39, 40, 42, 43, 44, 45, 46, 47, 48, 49, 50, 51, 52, 55, 56, 57, 58, 61, 62, 65, 66, 69, 70, 72, 73, 76, 77, 80, 81, 84, 85, 88, 89, 92, 93, 96, 99, 102, 103, 105, 106, 107, 110, 111, 114, 115, 116, 119, 120, 122, 125, 126, 128, 129, 130, 133, 134, 137, 138, 141, 142, 143, 146, 147, 148, 152, 153, 154, 155, 156, 157, 158, 159, 160, 163, 164, 165, 166, 169, 170], "summary": {"covered_lines": 98, "num_statements": 98, "percent_covered": 100.0, "percent_covered_display": "100", "missing_lines": 0, "excluded_lines": 0}, "missing_lines": [], "excluded_lines": []}}, "classes": {"Channel": {"executed_lines": [], "summary": {"covered_lines": 0, "num_statements": 0, "percent_covered": 100.0, "percent_covered_display": "100", "missing_lines": 0, "excluded_lines": 0}, "missing_lines": [], "excluded_lines": []}, "Video": {"executed_lines": [], "summary": {"covered_lines": 0, "num_statements": 0, "percent_covered": 100.0, "percent_covered_display": "100", "missing_lines": 0, "excluded_lines": 0}, "missing_lines": [], "excluded_lines": []}, "AudioFingerprint": {"executed_lines": [], "summary": {"covered_lines": 0, "num_statements": 0, "percent_covered": 100.0, "percent_covered_display": "100", "missing_lines": 0, "excluded_lines": 0}, "missing_lines": [], "excluded_lines": []}, "MatchResult": {"executed_lines": [], "summary": {"covered_lines": 0, "num_statements": 0, "percent_covered": 100.0, "percent_covered_display": "100", "missing_lines": 0, "excluded_lines": 0}, "missing_lines": [], "excluded_lines": []}, "ProcessingJob": {"executed_lines": [], "summary": {"covered_lines": 0, "num_statements": 0, "percent_covered": 100.0, "percent_covered_display": "100", "missing_lines": 0, "excluded_lines": 0}, "missing_lines": [], "excluded_lines": []}, "": {"executed_lines": [1, 3, 15, 16, 18, 21, 22, 24, 25, 26, 27, 28, 29, 30, 31, 32, 33, 36, 39, 40, 42, 43, 44, 45, 46, 47, 48, 49, 50, 51, 52, 55, 56, 57, 58, 61, 62, 65, 66, 69, 70, 72, 73, 76, 77, 80, 81, 84, 85, 88, 89, 92, 93, 96, 99, 102, 103, 105, 106, 107, 110, 111, 114, 115, 116, 119, 120, 122, 125, 126, 128, 129, 130, 133, 134, 137, 138, 141, 142, 143, 146, 147, 148, 152, 153, 154, 155, 156, 157, 158, 159, 160, 163, 164, 165, 166, 169, 170], "summary": {"covered_lines": 98, "num_statements": 98, "percent_covered": 100.0, "percent_covered_display": "100", "missing_lines": 0, "excluded_lines": 0}, "missing_lines": [], "excluded_lines": []}}}, "src/database/repositories.py": {"executed_lines": [1, 2, 3, 4, 5, 6, 7, 9, 10, 12, 13, 15, 18, 21, 40, 41, 42, 65, 67, 70, 71, 100, 101, 118, 119, 136, 137, 140, 141, 157, 158, 166, 167, 194, 195, 203, 204, 212, 213, 232, 233, 260, 261, 318, 319, 356, 357, 369, 370, 397, 398, 448, 449, 464, 465, 468, 469, 488, 489, 501, 502, 518, 519, 538, 539, 572, 573, 606, 607, 625, 635, 646, 647, 648, 649, 650, 651, 652, 653, 654, 655, 657, 658, 660, 661, 663, 666, 669, 688, 689, 690, 691, 692, 694, 695, 696, 697, 698, 699, 700, 704, 705, 707, 710, 711, 713, 715, 718, 719, 732, 733, 734, 735, 736, 737, 738, 739, 740, 742, 743, 745, 748, 749, 762, 763, 766, 767, 780, 781, 784, 785, 786, 788, 792, 793, 794, 795, 797, 801, 811, 819, 820, 821, 823, 827, 831, 844, 866, 876, 898, 899, 907, 908, 927, 928, 938, 939, 947, 948, 949, 950, 955, 956, 984, 985, 986, 988, 989, 990, 1003, 1005, 1006, 1007, 1008, 1013, 1014, 1035, 1036, 1046, 1051, 1052, 1064, 1065, 1092, 1093, 1118, 1119, 1120, 1122, 1123, 1124, 1133, 1135, 1136, 1137, 1138, 1143, 1144, 1146, 1155, 1156, 1157, 1159, 1163, 1166, 1167, 1168, 1170, 1178, 1190, 1200, 1224, 1225, 1237, 1238, 1254, 1255, 1274, 1275, 1284, 1285, 1286, 1287, 1288, 1290, 1292, 1295, 1296, 1297, 1298, 1300, 1301, 1303, 1308, 1309, 1327, 1329, 1330, 1331, 1334, 1335, 1336, 1337, 1339, 1340, 1342, 1343, 1362, 1372, 1383, 1384, 1385], "summary": {"covered_lines": 252, "num_statements": 599, "percent_covered": 42.07011686143573, "percent_covered_display": "42", "missing_lines": 347, "excluded_lines": 0}, "missing_lines": [43, 44, 46, 47, 48, 49, 50, 51, 52, 56, 57, 59, 62, 63, 84, 85, 86, 87, 88, 89, 90, 91, 92, 94, 95, 97, 114, 115, 132, 133, 138, 145, 146, 149, 150, 151, 152, 153, 154, 155, 160, 161, 162, 163, 164, 177, 178, 186, 187, 188, 189, 190, 191, 192, 197, 198, 199, 200, 201, 206, 207, 208, 209, 210, 217, 218, 219, 220, 221, 222, 223, 224, 225, 227, 228, 229, 230, 243, 244, 252, 253, 254, 255, 256, 257, 258, 289, 290, 291, 293, 294, 295, 308, 310, 311, 312, 313, 314, 315, 316, 340, 341, 351, 352, 353, 354, 359, 360, 365, 366, 367, 380, 381, 389, 390, 391, 392, 393, 394, 395, 423, 424, 425, 427, 428, 429, 438, 440, 441, 442, 443, 444, 445, 446, 451, 452, 459, 460, 461, 466, 476, 477, 480, 481, 482, 483, 484, 485, 486, 491, 492, 493, 494, 496, 497, 498, 499, 506, 507, 511, 512, 513, 514, 515, 516, 524, 525, 529, 530, 531, 532, 533, 534, 535, 536, 548, 549, 550, 551, 552, 553, 554, 555, 556, 557, 559, 560, 561, 562, 564, 565, 567, 568, 569, 570, 591, 593, 594, 595, 598, 599, 600, 601, 603, 604, 616, 617, 618, 619, 620, 621, 622, 631, 632, 641, 642, 799, 825, 829, 835, 836, 837, 838, 839, 840, 842, 854, 862, 863, 864, 870, 886, 894, 895, 896, 901, 902, 903, 904, 905, 912, 913, 914, 915, 916, 917, 918, 919, 920, 922, 923, 924, 925, 951, 952, 953, 1009, 1010, 1011, 1047, 1048, 1049, 1054, 1055, 1060, 1061, 1062, 1075, 1076, 1084, 1085, 1086, 1087, 1088, 1089, 1090, 1139, 1140, 1141, 1172, 1173, 1174, 1176, 1182, 1186, 1187, 1188, 1192, 1196, 1197, 1198, 1209, 1210, 1211, 1212, 1213, 1214, 1215, 1216, 1217, 1219, 1220, 1221, 1222, 1227, 1228, 1229, 1230, 1232, 1233, 1234, 1235, 1242, 1243, 1247, 1248, 1249, 1250, 1251, 1252, 1260, 1261, 1265, 1266, 1267, 1268, 1269, 1270, 1271, 1272, 1289, 1291, 1293, 1304, 1305, 1306, 1352, 1353, 1354, 1355, 1356, 1357, 1358, 1368, 1369, 1378, 1379], "excluded_lines": [], "functions": {"db_retry": {"executed_lines": [688, 689, 715], "summary": {"covered_lines": 3, "num_statements": 3, "percent_covered": 100.0, "percent_covered_display": "100", "missing_lines": 0, "excluded_lines": 0}, "missing_lines": [], "excluded_lines": []}, "db_retry.decorator": {"executed_lines": [690, 713], "summary": {"covered_lines": 2, "num_statements": 2, "percent_covered": 100.0, "percent_covered_display": "100", "missing_lines": 0, "excluded_lines": 0}, "missing_lines": [], "excluded_lines": []}, "db_retry.decorator.wrapper": {"executed_lines": [691, 692, 694, 695, 696, 697, 698, 699, 700, 704, 705, 707, 710, 711], "summary": {"covered_lines": 14, "num_statements": 14, "percent_covered": 100.0, "percent_covered_display": "100", "missing_lines": 0, "excluded_lines": 0}, "missing_lines": [], "excluded_lines": []}, "get_session": {"executed_lines": [732, 733, 734, 735, 736, 737, 738, 739, 740, 742, 743, 745], "summary": {"covered_lines": 12, "num_statements": 12, "percent_covered": 100.0, "percent_covered_display": "100", "missing_lines": 0, "excluded_lines": 0}, "missing_lines": [], "excluded_lines": []}, "get_video_repo_session": {"executed_lines": [762, 763], "summary": {"covered_lines": 2, "num_statements": 2, "percent_covered": 100.0, "percent_covered_display": "100", "missing_lines": 0, "excluded_lines": 0}, "missing_lines": [], "excluded_lines": []}, "get_job_repo_session": {"executed_lines": [780, 781], "summary": {"covered_lines": 2, "num_statements": 2, "percent_covered": 100.0, "percent_covered_display": "100", "missing_lines": 0, "excluded_lines": 0}, "missing_lines": [], "excluded_lines": []}, "VideoRepository.__init__": {"executed_lines": [786], "summary": {"covered_lines": 1, "num_statements": 1, "percent_covered": 100.0, "percent_covered_display": "100", "missing_lines": 0, "excluded_lines": 0}, "missing_lines": [], "excluded_lines": []}, "VideoRepository.create_channel": {"executed_lines": [792, 793, 794, 795], "summary": {"covered_lines": 4, "num_statements": 4, "percent_covered": 100.0, "percent_covered_display": "100", "missing_lines": 0, "excluded_lines": 0}, "missing_lines": [], "excluded_lines": []}, "VideoRepository.get_channel_by_id": {"executed_lines": [], "summary": {"covered_lines": 0, "num_statements": 1, "percent_covered": 0.0, "percent_covered_display": "0", "missing_lines": 1, "excluded_lines": 0}, "missing_lines": [799], "excluded_lines": []}, "VideoRepository.create_video": {"executed_lines": [811, 819, 820, 821], "summary": {"covered_lines": 4, "num_statements": 4, "percent_covered": 100.0, "percent_covered_display": "100", "missing_lines": 0, "excluded_lines": 0}, "missing_lines": [], "excluded_lines": []}, "VideoRepository.get_video_by_id": {"executed_lines": [], "summary": {"covered_lines": 0, "num_statements": 1, "percent_covered": 0.0, "percent_covered_display": "0", "missing_lines": 1, "excluded_lines": 0}, "missing_lines": [825], "excluded_lines": []}, "VideoRepository.get_unprocessed_videos": {"executed_lines": [], "summary": {"covered_lines": 0, "num_statements": 5, "percent_covered": 0.0, "percent_covered_display": "0", "missing_lines": 5, "excluded_lines": 0}, "missing_lines": [901, 902, 903, 904, 905], "excluded_lines": []}, "VideoRepository.mark_video_processed": {"executed_lines": [], "summary": {"covered_lines": 0, "num_statements": 13, "percent_covered": 0.0, "percent_covered_display": "0", "missing_lines": 13, "excluded_lines": 0}, "missing_lines": [912, 913, 914, 915, 916, 917, 918, 919, 920, 922, 923, 924, 925], "excluded_lines": []}, "VideoRepository.create_fingerprint": {"executed_lines": [938, 939, 947, 948, 949, 950], "summary": {"covered_lines": 6, "num_statements": 9, "percent_covered": 66.66666666666667, "percent_covered_display": "67", "missing_lines": 3, "excluded_lines": 0}, "missing_lines": [951, 952, 953], "excluded_lines": []}, "VideoRepository.create_fingerprints_batch": {"executed_lines": [984, 985, 986, 988, 989, 990, 1003, 1005, 1006, 1007, 1008], "summary": {"covered_lines": 11, "num_statements": 14, "percent_covered": 78.57142857142857, "percent_covered_display": "79", "missing_lines": 3, "excluded_lines": 0}, "missing_lines": [1009, 1010, 1011], "excluded_lines": []}, "VideoRepository.check_fingerprints_exist": {"executed_lines": [1035, 1036, 1046], "summary": {"covered_lines": 3, "num_statements": 6, "percent_covered": 50.0, "percent_covered_display": "50", "missing_lines": 3, "excluded_lines": 0}, "missing_lines": [1047, 1048, 1049], "excluded_lines": []}, "VideoRepository.find_matching_fingerprints": {"executed_lines": [], "summary": {"covered_lines": 0, "num_statements": 5, "percent_covered": 0.0, "percent_covered_display": "0", "missing_lines": 5, "excluded_lines": 0}, "missing_lines": [1054, 1055, 1060, 1061, 1062], "excluded_lines": []}, "VideoRepository.create_match_result": {"executed_lines": [], "summary": {"covered_lines": 0, "num_statements": 9, "percent_covered": 0.0, "percent_covered_display": "0", "missing_lines": 9, "excluded_lines": 0}, "missing_lines": [1075, 1076, 1084, 1085, 1086, 1087, 1088, 1089, 1090], "excluded_lines": []}, "VideoRepository.create_match_results_batch": {"executed_lines": [1118, 1119, 1120, 1122, 1123, 1124, 1133, 1135, 1136, 1137, 1138], "summary": {"covered_lines": 11, "num_statements": 14, "percent_covered": 78.57142857142857, "percent_covered_display": "79", "missing_lines": 3, "excluded_lines": 0}, "missing_lines": [1139, 1140, 1141], "excluded_lines": []}, "VideoRepository.get_top_matches": {"executed_lines": [1146], "summary": {"covered_lines": 1, "num_statements": 1, "percent_covered": 100.0, "percent_covered_display": "100", "missing_lines": 0, "excluded_lines": 0}, "missing_lines": [], "excluded_lines": []}, "JobRepository.__init__": {"executed_lines": [1157], "summary": {"covered_lines": 1, "num_statements": 1, "percent_covered": 100.0, "percent_covered_display": "100", "missing_lines": 0, "excluded_lines": 0}, "missing_lines": [], "excluded_lines": []}, "JobRepository.create_job": {"executed_lines": [1163, 1166, 1167, 1168], "summary": {"covered_lines": 4, "num_statements": 4, "percent_covered": 100.0, "percent_covered_display": "100", "missing_lines": 0, "excluded_lines": 0}, "missing_lines": [], "excluded_lines": []}, "JobRepository.get_pending_jobs": {"executed_lines": [], "summary": {"covered_lines": 0, "num_statements": 8, "percent_covered": 0.0, "percent_covered_display": "0", "missing_lines": 8, "excluded_lines": 0}, "missing_lines": [1227, 1228, 1229, 1230, 1232, 1233, 1234, 1235], "excluded_lines": []}, "JobRepository.get_jobs_by_target": {"executed_lines": [], "summary": {"covered_lines": 0, "num_statements": 8, "percent_covered": 0.0, "percent_covered_display": "0", "missing_lines": 8, "excluded_lines": 0}, "missing_lines": [1242, 1243, 1247, 1248, 1249, 1250, 1251, 1252], "excluded_lines": []}, "JobRepository.job_exists": {"executed_lines": [], "summary": {"covered_lines": 0, "num_statements": 10, "percent_covered": 0.0, "percent_covered_display": "0", "missing_lines": 10, "excluded_lines": 0}, "missing_lines": [1260, 1261, 1265, 1266, 1267, 1268, 1269, 1270, 1271, 1272], "excluded_lines": []}, "JobRepository.update_job_status": {"executed_lines": [1284, 1285, 1286, 1287, 1288, 1290, 1292, 1295, 1296, 1297, 1298, 1300, 1301, 1303], "summary": {"covered_lines": 14, "num_statements": 20, "percent_covered": 70.0, "percent_covered_display": "70", "missing_lines": 6, "excluded_lines": 0}, "missing_lines": [1289, 1291, 1293, 1304, 1305, 1306], "excluded_lines": []}, "JobRepository.create_job_if_not_exists": {"executed_lines": [1327, 1329, 1330, 1331, 1334, 1335, 1336, 1337, 1339, 1340], "summary": {"covered_lines": 10, "num_statements": 10, "percent_covered": 100.0, "percent_covered_display": "100", "missing_lines": 0, "excluded_lines": 0}, "missing_lines": [], "excluded_lines": []}, "JobRepository.count_jobs_by_status": {"executed_lines": [], "summary": {"covered_lines": 0, "num_statements": 7, "percent_covered": 0.0, "percent_covered_display": "0", "missing_lines": 7, "excluded_lines": 0}, "missing_lines": [1352, 1353, 1354, 1355, 1356, 1357, 1358], "excluded_lines": []}, "get_video_repository": {"executed_lines": [], "summary": {"covered_lines": 0, "num_statements": 2, "percent_covered": 0.0, "percent_covered_display": "0", "missing_lines": 2, "excluded_lines": 0}, "missing_lines": [1368, 1369], "excluded_lines": []}, "get_job_repository": {"executed_lines": [], "summary": {"covered_lines": 0, "num_statements": 2, "percent_covered": 0.0, "percent_covered_display": "0", "missing_lines": 2, "excluded_lines": 0}, "missing_lines": [1378, 1379], "excluded_lines": []}, "": {"executed_lines": [1, 2, 3, 4, 5, 6, 7, 9, 10, 12, 13, 15, 18, 21, 70, 71, 100, 101, 118, 119, 136, 137, 140, 141, 157, 158, 166, 167, 194, 195, 203, 204, 212, 213, 232, 233, 260, 261, 318, 319, 356, 357, 369, 370, 397, 398, 448, 449, 464, 465, 468, 469, 488, 489, 501, 502, 518, 519, 538, 539, 572, 573, 606, 607, 625, 635, 646, 647, 648, 649, 650, 651, 652, 653, 654, 655, 657, 658, 660, 661, 663, 666, 669, 718, 719, 748, 749, 766, 767, 784, 785, 788, 797, 801, 823, 827, 831, 844, 866, 876, 898, 899, 907, 908, 927, 928, 955, 956, 1013, 1014, 1051, 1052, 1064, 1065, 1092, 1093, 1143, 1144, 1155, 1156, 1159, 1170, 1178, 1190, 1200, 1224, 1225, 1237, 1238, 1254, 1255, 1274, 1275, 1308, 1309, 1342, 1343, 1362, 1372, 1383, 1384, 1385], "summary": {"covered_lines": 142, "num_statements": 142, "percent_covered": 100.0, "percent_covered_display": "100", "missing_lines": 0, "excluded_lines": 0}, "missing_lines": [], "excluded_lines": []}}, "classes": {"VideoRepository": {"executed_lines": [786, 792, 793, 794, 795, 811, 819, 820, 821, 938, 939, 947, 948, 949, 950, 984, 985, 986, 988, 989, 990, 1003, 1005, 1006, 1007, 1008, 1035, 1036, 1046, 1118, 1119, 1120, 1122, 1123, 1124, 1133, 1135, 1136, 1137, 1138, 1146], "summary": {"covered_lines": 41, "num_statements": 104, "percent_covered": 39.42307692307692, "percent_covered_display": "39", "missing_lines": 63, "excluded_lines": 0}, "missing_lines": [799, 825, 829, 835, 836, 837, 838, 839, 840, 842, 854, 862, 863, 864, 870, 886, 894, 895, 896, 901, 902, 903, 904, 905, 912, 913, 914, 915, 916, 917, 918, 919, 920, 922, 923, 924, 925, 951, 952, 953, 1009, 1010, 1011, 1047, 1048, 1049, 1054, 1055, 1060, 1061, 1062, 1075, 1076, 1084, 1085, 1086, 1087, 1088, 1089, 1090, 1139, 1140, 1141], "excluded_lines": []}, "JobRepository": {"executed_lines": [1157, 1163, 1166, 1167, 1168, 1284, 1285, 1286, 1287, 1288, 1290, 1292, 1295, 1296, 1297, 1298, 1300, 1301, 1303, 1327, 1329, 1330, 1331, 1334, 1335, 1336, 1337, 1339, 1340], "summary": {"covered_lines": 29, "num_statements": 93, "percent_covered": 31.182795698924732, "percent_covered_display": "31", "missing_lines": 64, "excluded_lines": 0}, "missing_lines": [1172, 1173, 1174, 1176, 1182, 1186, 1187, 1188, 1192, 1196, 1197, 1198, 1209, 1210, 1211, 1212, 1213, 1214, 1215, 1216, 1217, 1219, 1220, 1221, 1222, 1227, 1228, 1229, 1230, 1232, 1233, 1234, 1235, 1242, 1243, 1247, 1248, 1249, 1250, 1251, 1252, 1260, 1261, 1265, 1266, 1267, 1268, 1269, 1270, 1271, 1272, 1289, 1291, 1293, 1304, 1305, 1306, 1352, 1353, 1354, 1355, 1356, 1357, 1358], "excluded_lines": []}, "": {"executed_lines": [1, 2, 3, 4, 5, 6, 7, 9, 10, 12, 13, 15, 18, 21, 40, 41, 42, 65, 67, 70, 71, 100, 101, 118, 119, 136, 137, 140, 141, 157, 158, 166, 167, 194, 195, 203, 204, 212, 213, 232, 233, 260, 261, 318, 319, 356, 357, 369, 370, 397, 398, 448, 449, 464, 465, 468, 469, 488, 489, 501, 502, 518, 519, 538, 539, 572, 573, 606, 607, 625, 635, 646, 647, 648, 649, 650, 651, 652, 653, 654, 655, 657, 658, 660, 661, 663, 666, 669, 688, 689, 690, 691, 692, 694, 695, 696, 697, 698, 699, 700, 704, 705, 707, 710, 711, 713, 715, 718, 719, 732, 733, 734, 735, 736, 737, 738, 739, 740, 742, 743, 745, 748, 749, 762, 763, 766, 767, 780, 781, 784, 785, 788, 797, 801, 823, 827, 831, 844, 866, 876, 898, 899, 907, 908, 927, 928, 955, 956, 1013, 1014, 1051, 1052, 1064, 1065, 1092, 1093, 1143, 1144, 1155, 1156, 1159, 1170, 1178, 1190, 1200, 1224, 1225, 1237, 1238, 1254, 1255, 1274, 1275, 1308, 1309, 1342, 1343, 1362, 1372, 1383, 1384, 1385], "summary": {"covered_lines": 182, "num_statements": 220, "percent_covered": 82.72727272727273, "percent_covered_display": "83", "missing_lines": 38, "excluded_lines": 0}, "missing_lines": [43, 44, 46, 47, 48, 49, 50, 51, 52, 56, 57, 59, 62, 63, 84, 85, 86, 87, 88, 89, 90, 91, 92, 94, 95, 97, 114, 115, 132, 133, 631, 632, 641, 642, 1368, 1369, 1378, 1379], "excluded_lines": []}}}, "src/ingestion/__init__.py": {"executed_lines": [0], "summary": {"covered_lines": 0, "num_statements": 0, "percent_covered": 100.0, "percent_covered_display": "100", "missing_lines": 0, "excluded_lines": 0}, "missing_lines": [], "excluded_lines": [], "functions": {"": {"executed_lines": [], "summary": {"covered_lines": 0, "num_statements": 0, "percent_covered": 100.0, "percent_covered_display": "100", "missing_lines": 0, "excluded_lines": 0}, "missing_lines": [], "excluded_lines": []}}, "classes": {"": {"executed_lines": [], "summary": {"covered_lines": 0, "num_statements": 0, "percent_covered": 100.0, "percent_covered_display": "100", "missing_lines": 0, "excluded_lines": 0}, "missing_lines": [], "excluded_lines": []}}}, "src/ingestion/channel_ingester.py": {"executed_lines": [1, 2, 3, 4, 5, 6, 8, 9, 10, 11, 12, 13, 20, 23, 24, 26, 27, 32, 33, 38, 41, 44, 45, 49, 51, 52, 61, 64, 65, 66, 67, 70, 71, 72, 74, 81, 82, 83, 86, 89, 92, 94, 96, 97, 98, 100, 101, 102, 105, 106, 109, 112, 116, 119, 123, 127, 128, 129, 131, 133, 134, 135, 137, 138, 139, 143, 145, 148, 151, 158, 160, 162, 168, 170, 175, 176, 179, 180, 183, 184, 185, 187, 190, 191, 194, 195, 203, 208, 209, 213, 214, 215, 216, 219, 223, 224, 226, 228, 250, 268, 269, 272, 275, 283, 287, 290, 301, 302, 303, 304, 307, 308, 310, 319, 338, 349, 351, 352, 360, 361, 366, 368, 369, 370, 372, 374, 375, 377, 379, 381, 382, 383, 404, 558, 572], "summary": {"covered_lines": 131, "num_statements": 278, "percent_covered": 47.12230215827338, "percent_covered_display": "47", "missing_lines": 147, "excluded_lines": 4}, "missing_lines": [28, 29, 35, 39, 53, 54, 55, 56, 57, 58, 59, 108, 132, 136, 149, 163, 171, 172, 186, 196, 197, 210, 211, 230, 234, 235, 236, 237, 238, 239, 240, 242, 243, 245, 246, 247, 291, 293, 294, 297, 298, 315, 316, 317, 322, 323, 325, 326, 329, 334, 336, 342, 343, 344, 345, 346, 347, 353, 355, 356, 357, 385, 387, 388, 389, 390, 391, 392, 393, 394, 395, 397, 398, 408, 409, 411, 413, 414, 415, 417, 418, 421, 422, 423, 426, 433, 434, 440, 441, 442, 443, 446, 449, 450, 452, 455, 457, 458, 461, 462, 464, 469, 470, 472, 473, 475, 476, 479, 480, 481, 484, 486, 501, 502, 509, 510, 511, 512, 515, 516, 517, 518, 519, 522, 523, 524, 526, 529, 530, 533, 534, 536, 537, 542, 543, 544, 545, 549, 551, 552, 553, 555, 560, 562, 563, 566, 569], "excluded_lines": [20, 21, 572, 573], "functions": {"ChannelIngester.__init__": {"executed_lines": [51, 52, 61, 64, 65, 66, 67, 70, 71, 72], "summary": {"covered_lines": 10, "num_statements": 17, "percent_covered": 58.8235294117647, "percent_covered_display": "59", "missing_lines": 7, "excluded_lines": 0}, "missing_lines": [53, 54, 55, 56, 57, 58, 59], "excluded_lines": []}, "ChannelIngester.ingest_all_channels": {"executed_lines": [81, 82, 83, 86, 89, 92, 94, 112, 116, 119], "summary": {"covered_lines": 10, "num_statements": 10, "percent_covered": 100.0, "percent_covered_display": "100", "missing_lines": 0, "excluded_lines": 0}, "missing_lines": [], "excluded_lines": []}, "ChannelIngester.ingest_all_channels.process_channel_with_semaphore": {"executed_lines": [96, 97, 98, 100, 101, 102, 105, 106, 109], "summary": {"covered_lines": 9, "num_statements": 10, "percent_covered": 90.0, "percent_covered_display": "90", "missing_lines": 1, "excluded_lines": 0}, "missing_lines": [108], "excluded_lines": []}, "ChannelIngester._ingest_channel_with_retry": {"executed_lines": [127, 128, 129, 131, 133, 134, 135, 137, 138, 139, 143, 145, 148], "summary": {"covered_lines": 13, "num_statements": 16, "percent_covered": 81.25, "percent_covered_display": "81", "missing_lines": 3, "excluded_lines": 0}, "missing_lines": [132, 136, 149], "excluded_lines": []}, "ChannelIngester.ingest_channel": {"executed_lines": [158, 160, 162, 168, 170, 175, 176, 179, 180, 183, 184, 185, 187, 190, 191, 194, 195, 203, 208, 209, 213, 214, 215, 216, 219, 223, 224, 226, 228, 250, 268, 269, 272, 275, 283, 287, 290, 301, 302, 303, 304, 307, 308, 310], "summary": {"covered_lines": 44, "num_statements": 73, "percent_covered": 60.273972602739725, "percent_covered_display": "60", "missing_lines": 29, "excluded_lines": 0}, "missing_lines": [163, 171, 172, 186, 196, 197, 210, 211, 230, 234, 235, 236, 237, 238, 239, 240, 242, 243, 245, 246, 247, 291, 293, 294, 297, 298, 315, 316, 317], "excluded_lines": []}, "ChannelIngester._should_update_video": {"executed_lines": [], "summary": {"covered_lines": 0, "num_statements": 7, "percent_covered": 0.0, "percent_covered_display": "0", "missing_lines": 7, "excluded_lines": 0}, "missing_lines": [322, 323, 325, 326, 329, 334, 336], "excluded_lines": []}, "ChannelIngester._update_video_record": {"executed_lines": [], "summary": {"covered_lines": 0, "num_statements": 6, "percent_covered": 0.0, "percent_covered_display": "0", "missing_lines": 6, "excluded_lines": 0}, "missing_lines": [342, 343, 344, 345, 346, 347], "excluded_lines": []}, "ChannelIngester._parse_upload_date": {"executed_lines": [351, 352], "summary": {"covered_lines": 2, "num_statements": 6, "percent_covered": 33.333333333333336, "percent_covered_display": "33", "missing_lines": 4, "excluded_lines": 0}, "missing_lines": [353, 355, 356, 357], "excluded_lines": []}, "VideoJobProcessor.__init__": {"executed_lines": [368, 369, 370], "summary": {"covered_lines": 3, "num_statements": 3, "percent_covered": 100.0, "percent_covered_display": "100", "missing_lines": 0, "excluded_lines": 0}, "missing_lines": [], "excluded_lines": []}, "VideoJobProcessor.process_pending_videos": {"executed_lines": [374, 375, 377, 379, 381, 382, 383], "summary": {"covered_lines": 7, "num_statements": 19, "percent_covered": 36.8421052631579, "percent_covered_display": "37", "missing_lines": 12, "excluded_lines": 0}, "missing_lines": [385, 387, 388, 389, 390, 391, 392, 393, 394, 395, 397, 398], "excluded_lines": []}, "VideoJobProcessor.process_video_job": {"executed_lines": [], "summary": {"covered_lines": 0, "num_statements": 69, "percent_covered": 0.0, "percent_covered_display": "0", "missing_lines": 69, "excluded_lines": 0}, "missing_lines": [408, 409, 411, 413, 414, 415, 417, 418, 421, 422, 423, 426, 433, 434, 440, 441, 442, 443, 446, 449, 450, 452, 455, 457, 458, 461, 462, 464, 469, 470, 472, 473, 475, 476, 479, 480, 481, 484, 486, 501, 502, 509, 510, 511, 512, 515, 516, 517, 518, 519, 522, 523, 524, 526, 529, 530, 533, 534, 536, 537, 542, 543, 544, 545, 549, 551, 552, 553, 555], "excluded_lines": []}, "main": {"executed_lines": [], "summary": {"covered_lines": 0, "num_statements": 5, "percent_covered": 0.0, "percent_covered_display": "0", "missing_lines": 5, "excluded_lines": 0}, "missing_lines": [560, 562, 563, 566, 569], "excluded_lines": []}, "": {"executed_lines": [1, 2, 3, 4, 5, 6, 8, 9, 10, 11, 12, 13, 20, 23, 24, 26, 27, 32, 33, 38, 41, 44, 45, 49, 74, 123, 151, 319, 338, 349, 360, 361, 366, 372, 404, 558, 572], "summary": {"covered_lines": 33, "num_statements": 37, "percent_covered": 89.1891891891892, "percent_covered_display": "89", "missing_lines": 4, "excluded_lines": 4}, "missing_lines": [28, 29, 35, 39], "excluded_lines": [20, 21, 572, 573]}}, "classes": {"ChannelIngester": {"executed_lines": [51, 52, 61, 64, 65, 66, 67, 70, 71, 72, 81, 82, 83, 86, 89, 92, 94, 96, 97, 98, 100, 101, 102, 105, 106, 109, 112, 116, 119, 127, 128, 129, 131, 133, 134, 135, 137
[...]
 334, 336, 342, 343, 344, 345, 346, 347, 353, 355, 356, 357], "excluded_lines": []}, "VideoJobProcessor": {"executed_lines": [368, 369, 370, 374, 375, 377, 379, 381, 382, 383], "summary": {"covered_lines": 10, "num_statements": 91, "percent_covered": 10.989010989010989, "percent_covered_display": "11", "missing_lines": 81, "excluded_lines": 0}, "missing_lines": [385, 387, 388, 389, 390, 391, 392, 393, 394, 395, 397, 398, 408, 409, 411, 413, 414, 415, 417, 418, 421, 422, 423, 426, 433, 434, 440, 441, 442, 443, 446, 449, 450, 452, 455, 457, 458, 461, 462, 464, 469, 470, 472, 473, 475, 476, 479, 480, 481, 484, 486, 501, 502, 509, 510, 511, 512, 515, 516, 517, 518, 519, 522, 523, 524, 526, 529, 530, 533, 534, 536, 537, 542, 543, 544, 545, 549, 551, 552, 553, 555], "excluded_lines": []}, "": {"executed_lines": [1, 2, 3, 4, 5, 6, 8, 9, 10, 11, 12, 13, 20, 23, 24, 26, 27, 32, 33, 38, 41, 44, 45, 49, 74, 123, 151, 319, 338, 349, 360, 361, 366, 372, 404, 558, 572], "summary": {"covered_lines": 33, "num_statements": 42, "percent_covered": 78.57142857142857, "percent_covered_display": "79", "missing_lines": 9, "excluded_lines": 4}, "missing_lines": [28, 29, 35, 39, 560, 562, 563, 566, 569], "excluded_lines": [20, 21, 572, 573]}}}, "src/maintenance/__init__.py": {"executed_lines": [1, 3, 5], "summary": {"covered_lines": 2, "num_statements": 2, "percent_covered": 100.0, "percent_covered_display": "100", "missing_lines": 0, "excluded_lines": 0}, "missing_lines": [], "excluded_lines": [], "functions": {"": {"executed_lines": [1, 3, 5], "summary": {"covered_lines": 2, "num_statements": 2, "percent_covered": 100.0, "percent_covered_display": "100", "missing_lines": 0, "excluded_lines": 0}, "missing_lines": [], "excluded_lines": []}}, "classes": {"": {"executed_lines": [1, 3, 5], "summary": {"covered_lines": 2, "num_statements": 2, "percent_covered": 100.0, "percent_covered_display": "100", "missing_lines": 0, "excluded_lines": 0}, "missing_lines": [], "excluded_lines": []}}}, "src/maintenance/cleanup.py": {"executed_lines": [1, 11, 12, 13, 14, 16, 17, 18, 19, 22, 23, 24, 26, 27, 28, 29, 30, 31, 33, 35, 36, 37, 38, 39, 42, 44, 45, 53, 56, 57, 58, 60, 61, 62, 63, 65, 66, 68, 76, 77, 79, 87, 88, 89, 91, 101, 102, 104, 105, 106, 108, 109, 114, 115, 116, 117, 120, 122, 123, 124, 125, 126, 127, 133, 134, 138, 139, 149, 153, 155, 165, 166, 168, 169, 170, 172, 173, 178, 179, 181, 182, 183, 186, 188, 189, 190, 191, 192, 199, 200, 204, 205, 215, 219, 221, 232, 234, 235, 237, 243, 244, 245, 247, 257, 266, 268, 269, 275, 276, 282, 283, 288, 289, 294, 301, 307, 309, 320, 322, 324, 325, 326, 328, 335, 340, 341, 347, 348, 350, 357, 363, 365, 377, 378, 380, 381, 385, 386, 387, 389, 393, 394, 395, 397, 402, 403, 404, 405, 407, 416], "summary": {"covered_lines": 146, "num_statements": 181, "percent_covered": 80.66298342541437, "percent_covered_display": "81", "missing_lines": 35, "excluded_lines": 0}, "missing_lines": [40, 118, 141, 142, 143, 145, 146, 147, 184, 193, 207, 208, 209, 211, 212, 213, 296, 297, 298, 299, 303, 304, 305, 336, 352, 353, 354, 355, 359, 360, 361, 390, 391, 398, 399], "excluded_lines": [], "functions": {"CleanupStats.format_bytes": {"executed_lines": [35, 36, 37, 38, 39], "summary": {"covered_lines": 5, "num_statements": 6, "percent_covered": 83.33333333333333, "percent_covered_display": "83", "missing_lines": 1, "excluded_lines": 0}, "missing_lines": [40], "excluded_lines": []}, "CleanupStats.summary": {"executed_lines": [44, 45, 53], "summary": {"covered_lines": 3, "num_statements": 3, "percent_covered": 100.0, "percent_covered_display": "100", "missing_lines": 0, "excluded_lines": 0}, "missing_lines": [], "excluded_lines": []}, "CleanupPolicy.from_config": {"executed_lines": [68], "summary": {"covered_lines": 1, "num_statements": 1, "percent_covered": 100.0, "percent_covered_display": "100", "missing_lines": 0, "excluded_lines": 0}, "missing_lines": [], "excluded_lines": []}, "CleanupService.__init__": {"executed_lines": [87, 88, 89], "summary": {"covered_lines": 3, "num_statements": 3, "percent_covered": 100.0, "percent_covered_display": "100", "missing_lines": 0, "excluded_lines": 0}, "missing_lines": [], "excluded_lines": []}, "CleanupService.cleanup_temp_files": {"executed_lines": [101, 102, 104, 105, 106, 108, 109, 114, 115, 116, 117, 120, 122, 123, 124, 125, 126, 127, 133, 134, 138, 139, 149, 153], "summary": {"covered_lines": 24, "num_statements": 31, "percent_covered": 77.41935483870968, "percent_covered_display": "77", "missing_lines": 7, "excluded_lines": 0}, "missing_lines": [118, 141, 142, 143, 145, 146, 147], "excluded_lines": []}, "CleanupService.cleanup_log_files": {"executed_lines": [165, 166, 168, 169, 170, 172, 173, 178, 179, 181, 182, 183, 186, 188, 189, 190, 191, 192, 199, 200, 204, 205, 215, 219], "summary": {"covered_lines": 24, "num_statements": 32, "percent_covered": 75.0, "percent_covered_display": "75", "missing_lines": 8, "excluded_lines": 0}, "missing_lines": [184, 193, 207, 208, 209, 211, 212, 213], "excluded_lines": []}, "CleanupService.cleanup_processing_jobs": {"executed_lines": [232, 234, 235, 237, 243, 244, 245, 247, 257, 266, 268, 269, 275, 276, 282, 283, 288, 289, 294, 301, 307], "summary": {"covered_lines": 21, "num_statements": 28, "percent_covered": 75.0, "percent_covered_display": "75", "missing_lines": 7, "excluded_lines": 0}, "missing_lines": [296, 297, 298, 299, 303, 304, 305], "excluded_lines": []}, "CleanupService.cleanup_orphaned_fingerprints": {"executed_lines": [320, 322, 324, 325, 326, 328, 335, 340, 341, 347, 348, 350, 357, 363], "summary": {"covered_lines": 14, "num_statements": 22, "percent_covered": 63.63636363636363, "percent_covered_display": "64", "missing_lines": 8, "excluded_lines": 0}, "missing_lines": [336, 352, 353, 354, 355, 359, 360, 361], "excluded_lines": []}, "CleanupService.cleanup_all": {"executed_lines": [377, 378, 380, 381, 385, 386, 387, 389, 393, 394, 395, 397, 402, 403, 404, 405, 407, 416], "summary": {"covered_lines": 18, "num_statements": 22, "percent_covered": 81.81818181818181, "percent_covered_display": "82", "missing_lines": 4, "excluded_lines": 0}, "missing_lines": [390, 391, 398, 399], "excluded_lines": []}, "": {"executed_lines": [1, 11, 12, 13, 14, 16, 17, 18, 19, 22, 23, 24, 26, 27, 28, 29, 30, 31, 33, 42, 56, 57, 58, 60, 61, 62, 63, 65, 66, 76, 77, 79, 91, 155, 221, 309, 365], "summary": {"covered_lines": 33, "num_statements": 33, "percent_covered": 100.0, "percent_covered_display": "100", "missing_lines": 0, "excluded_lines": 0}, "missing_lines": [], "excluded_lines": []}}, "classes": {"CleanupStats": {"executed_lines": [35, 36, 37, 38, 39, 44, 45, 53], "summary": {"covered_lines": 8, "num_statements": 9, "percent_covered": 88.88888888888889, "percent_covered_display": "89", "missing_lines": 1, "excluded_lines": 0}, "missing_lines": [40], "excluded_lines": []}, "CleanupPolicy": {"executed_lines": [68], "summary": {"covered_lines": 1, "num_statements": 1, "percent_covered": 100.0, "percent_covered_display": "100", "missing_lines": 0, "excluded_lines": 0}, "missing_lines": [], "excluded_lines": []}, "CleanupService": {"executed_lines": [87, 88, 89, 101, 102, 104, 105, 106, 108, 109, 114, 115, 116, 117, 120, 122, 123, 124, 125, 126, 127, 133, 134, 138, 139, 149, 153, 165, 166, 168, 169, 170, 172, 173, 178, 179, 181, 182, 183, 186, 188, 189, 190, 191, 192, 199, 200, 204, 205, 215, 219, 232, 234, 235, 237, 243, 244, 245, 247, 257, 266, 268, 269, 275, 276, 282, 283, 288, 289, 294, 301, 307, 320, 322, 324, 325, 326, 328, 335, 340, 341, 347, 348, 350, 357, 363, 377, 378, 380, 381, 385, 386, 387, 389, 393, 394, 395, 397, 402, 403, 404, 405, 407, 416], "summary": {"covered_lines": 104, "num_statements": 138, "percent_covered": 75.3623188405797, "percent_covered_display": "75", "missing_lines": 34, "excluded_lines": 0}, "missing_lines": [118, 141, 142, 143, 145, 146, 147, 184, 193, 207, 208, 209, 211, 212, 213, 296, 297, 298, 299, 303, 304, 305, 336, 352, 353, 354, 355, 359, 360, 361, 390, 391, 398, 399], "excluded_lines": []}, "": {"executed_lines": [1, 11, 12, 13, 14, 16, 17, 18, 19, 22, 23, 24, 26, 27, 28, 29, 30, 31, 33, 42, 56, 57, 58, 60, 61, 62, 63, 65, 66, 76, 77, 79, 91, 155, 221, 309, 365], "summary": {"covered_lines": 33, "num_statements": 33, "percent_covered": 100.0, "percent_covered_display": "100", "missing_lines": 0, "excluded_lines": 0}, "missing_lines": [], "excluded_lines": []}}}, "src/observability/__init__.py": {"executed_lines": [1, 3, 4, 5, 7], "summary": {"covered_lines": 4, "num_statements": 4, "percent_covered": 100.0, "percent_covered_display": "100", "missing_lines": 0, "excluded_lines": 0}, "missing_lines": [], "excluded_lines": [], "functions": {"": {"executed_lines": [1, 3, 4, 5, 7], "summary": {"covered_lines": 4, "num_statements": 4, "percent_covered": 100.0, "percent_covered_display": "100", "missing_lines": 0, "excluded_lines": 0}, "missing_lines": [], "excluded_lines": []}}, "classes": {"": {"executed_lines": [1, 3, 4, 5, 7], "summary": {"covered_lines": 4, "num_statements": 4, "percent_covered": 100.0, "percent_covered_display": "100", "missing_lines": 0, "excluded_lines": 0}, "missing_lines": [], "excluded_lines": []}}}, "src/observability/alerting.py": {"executed_lines": [1, 6, 7, 8, 9, 10, 12, 14, 16, 19, 20, 21, 23, 24, 25, 28, 29, 36, 38, 39, 40, 42, 43, 44, 47, 48, 51, 52, 53, 55, 56, 64, 66, 68, 69, 70, 72, 74, 75, 76, 78, 80, 83, 84, 98, 99, 100, 101, 103, 104, 105, 107, 109, 112, 113, 126, 127, 128, 129, 131, 132, 133, 135, 137, 139, 140, 142, 143, 145, 146, 150, 159, 160, 162, 168, 169, 172, 179, 180, 181, 184, 191, 192, 194, 203, 204, 206, 215, 216, 218, 224, 225, 228, 236, 237, 238, 239, 246, 247, 249, 258, 259, 261, 268, 269, 271, 286], "summary": {"covered_lines": 104, "num_statements": 107, "percent_covered": 97.19626168224299, "percent_covered_display": "97", "missing_lines": 3, "excluded_lines": 0}, "missing_lines": [81, 110, 148], "excluded_lines": [], "functions": {"AlertManager.__init__": {"executed_lines": [38, 39, 40, 42, 43, 44, 47, 48, 51, 52, 53, 55, 56, 64], "summary": {"covered_lines": 14, "num_statements": 14, "percent_covered": 100.0, "percent_covered_display": "100", "missing_lines": 0, "excluded_lines": 0}, "missing_lines": [], "excluded_lines": []}, "AlertManager._clean_old_events": {"executed_lines": [68, 69, 70], "summary": {"covered_lines": 3, "num_statements": 3, "percent_covered": 100.0, "percent_covered_display": "100", "missing_lines": 0, "excluded_lines": 0}, "missing_lines": [], "excluded_lines": []}, "AlertManager._should_send_alert": {"executed_lines": [74, 75, 76], "summary": {"covered_lines": 3, "num_statements": 3, "percent_covered": 100.0, "percent_covered_display": "100", "missing_lines": 0, "excluded_lines": 0}, "missing_lines": [], "excluded_lines": []}, "AlertManager._send_slack_alert": {"executed_lines": [80, 83, 84, 98, 99, 100, 101, 103, 104, 105], "summary": {"covered_lines": 10, "num_statements": 11, "percent_covered": 90.9090909090909, "percent_covered_display": "91", "missing_lines": 1, "excluded_lines": 0}, "missing_lines": [81], "excluded_lines": []}, "AlertManager._send_discord_alert": {"executed_lines": [109, 112, 113, 126, 127, 128, 129, 131, 132, 133], "summary": {"covered_lines": 10, "num_statements": 11, "percent_covered": 90.9090909090909, "percent_covered_display": "91", "missing_lines": 1, "excluded_lines": 0}, "missing_lines": [110], "excluded_lines": []}, "AlertManager._send_alert": {"executed_lines": [137, 139, 140, 142, 143, 145, 146], "summary": {"covered_lines": 7, "num_statements": 8, "percent_covered": 87.5, "percent_covered_display": "88", "missing_lines": 1, "excluded_lines": 0}, "missing_lines": [148], "excluded_lines": []}, "AlertManager.record_rate_limit_failure": {"executed_lines": [159, 160, 162, 168, 169, 172, 179, 180, 181, 184, 191, 192, 194, 203, 204], "summary": {"covered_lines": 15, "num_statements": 15, "percent_covered": 100.0, "percent_covered_display": "100", "missing_lines": 0, "excluded_lines": 0}, "missing_lines": [], "excluded_lines": []}, "AlertManager.record_job_failure": {"executed_lines": [215, 216, 218, 224, 225, 228, 236, 237, 238, 239, 246, 247, 249, 258, 259], "summary": {"covered_lines": 15, "num_statements": 15, "percent_covered": 100.0, "percent_covered_display": "100", "missing_lines": 0, "excluded_lines": 0}, "missing_lines": [], "excluded_lines": []}, "AlertManager.get_status": {"executed_lines": [268, 269, 271], "summary": {"covered_lines": 3, "num_statements": 3, "percent_covered": 100.0, "percent_covered_display": "100", "missing_lines": 0, "excluded_lines": 0}, "missing_lines": [], "excluded_lines": []}, "": {"executed_lines": [1, 6, 7, 8, 9, 10, 12, 14, 16, 19, 20, 21, 23, 24, 25, 28, 29, 36, 66, 72, 78, 107, 135, 150, 206, 261, 286], "summary": {"covered_lines": 24, "num_statements": 24, "percent_covered": 100.0, "percent_covered_display": "100", "missing_lines": 0, "excluded_lines": 0}, "missing_lines": [], "excluded_lines": []}}, "classes": {"FailureEvent": {"executed_lines": [], "summary": {"covered_lines": 0, "num_statements": 0, "percent_covered": 100.0, "percent_covered_display": "100", "missing_lines": 0, "excluded_lines": 0}, "missing_lines": [], "excluded_lines": []}, "AlertManager": {"executed_lines": [38, 39, 40, 42, 43, 44, 47, 48, 51, 52, 53, 55, 56, 64, 68, 69, 70, 74, 75, 76, 80, 83, 84, 98, 99, 100, 101, 103, 104, 105, 109, 112, 113, 126, 127, 128, 129, 131, 132, 133, 137, 139, 140, 142, 143, 145, 146, 159, 160, 162, 168, 169, 172, 179, 180, 181, 184, 191, 192, 194, 203, 204, 215, 216, 218, 224, 225, 228, 236, 237, 238, 239, 246, 247, 249, 258, 259, 268, 269, 271], "summary": {"covered_lines": 80, "num_statements": 83, "percent_covered": 96.3855421686747, "percent_covered_display": "96", "missing_lines": 3, "excluded_lines": 0}, "missing_lines": [81, 110, 148], "excluded_lines": []}, "": {"executed_lines": [1, 6, 7, 8, 9, 10, 12, 14, 16, 19, 20, 21, 23, 24, 25, 28, 29, 36, 66, 72, 78, 107, 135, 150, 206, 261, 286], "summary": {"covered_lines": 24, "num_statements": 24, "percent_covered": 100.0, "percent_covered_display": "100", "missing_lines": 0, "excluded_lines": 0}, "missing_lines": [], "excluded_lines": []}}}, "src/observability/health.py": {"executed_lines": [1, 5, 6, 7, 9, 11, 12, 13, 16, 17, 19, 21, 22, 23, 25, 32, 33, 34, 37, 40, 42, 44, 46, 51, 52, 57, 64, 65, 68, 69, 70, 71, 73, 75, 83, 84, 89, 96, 97, 98, 101, 104, 109, 111, 113, 119, 120, 125, 132, 134, 144, 145, 147, 148, 150, 157, 159, 161, 163, 164, 169, 170, 171, 174, 175, 176, 181], "summary": {"covered_lines": 65, "num_statements": 68, "percent_covered": 95.58823529411765, "percent_covered_display": "96", "missing_lines": 3, "excluded_lines": 0}, "missing_lines": [166, 177, 179], "excluded_lines": [], "functions": {"HealthChecker.__init__": {"executed_lines": [21, 22, 23], "summary": {"covered_lines": 3, "num_statements": 3, "percent_covered": 100.0, "percent_covered_display": "100", "missing_lines": 0, "excluded_lines": 0}, "missing_lines": [], "excluded_lines": []}, "HealthChecker.check_database": {"executed_lines": [32, 33, 34, 37, 40, 42, 44, 46, 51, 52], "summary": {"covered_lines": 10, "num_statements": 10, "percent_covered": 100.0, "percent_covered_display": "100", "missing_lines": 0, "excluded_lines": 0}, "missing_lines": [], "excluded_lines": []}, "HealthChecker.check_job_queue": {"executed_lines": [64, 65, 68, 69, 70, 71, 73, 75, 83, 84], "summary": {"covered_lines": 10, "num_statements": 10, "percent_covered": 100.0, "percent_covered_display": "100", "missing_lines": 0, "excluded_lines": 0}, "missing_lines": [], "excluded_lines": []}, "HealthChecker.check_video_repository": {"executed_lines": [96, 97, 98, 101, 104, 109, 111, 113, 119, 120], "summary": {"covered_lines": 10, "num_statements": 10, "percent_covered": 100.0, "percent_covered_display": "100", "missing_lines": 0, "excluded_lines": 0}, "missing_lines": [], "excluded_lines": []}, "HealthChecker.check_all": {"executed_lines": [132, 134, 144, 145, 147, 148], "summary": {"covered_lines": 6, "num_statements": 6, "percent_covered": 100.0, "percent_covered_display": "100", "missing_lines": 0, "excluded_lines": 0}, "missing_lines": [], "excluded_lines": []}, "HealthChecker.get_last_check": {"executed_lines": [157], "summary": {"covered_lines": 1, "num_statements": 1, "percent_covered": 100.0, "percent_covered_display": "100", "missing_lines": 0, "excluded_lines": 0}, "missing_lines": [], "excluded_lines": []}, "HealthChecker.log_health_status": {"executed_lines": [161, 163, 164, 169, 170, 171, 174, 175, 176, 181], "summary": {"covered_lines": 10, "num_statements": 13, "percent_covered": 76.92307692307692, "percent_covered_display": "77", "missing_lines": 3, "excluded_lines": 0}, "missing_lines": [166, 177, 179], "excluded_lines": []}, "": {"executed_lines": [1, 5, 6, 7, 9, 11, 12, 13, 16, 17, 19, 25, 57, 89, 125, 150, 159], "summary": {"covered_lines": 15, "num_statements": 15, "percent_covered": 100.0, "percent_covered_display": "100", "missing_lines": 0, "excluded_lines": 0}, "missing_lines": [], "excluded_lines": []}}, "classes": {"HealthChecker": {"executed_lines": [21, 22, 23, 32, 33, 34, 37, 40, 42, 44, 46, 51, 52, 64, 65, 68, 69, 70, 71, 73, 75, 83, 84, 96, 97, 98, 101, 104, 109, 111, 113, 119, 120, 132, 134, 144, 145, 147, 148, 157, 161, 163, 164, 169, 170, 171, 174, 175, 176, 181], "summary": {"covered_lines": 50, "num_statements": 53, "percent_covered": 94.33962264150944, "percent_covered_display": "94", "missing_lines": 3, "excluded_lines": 0}, "missing_lines": [166, 177, 179], "excluded_lines": []}, "": {"executed_lines": [1, 5, 6, 7, 9, 11, 12, 13, 16, 17, 19, 25, 57, 89, 125, 150, 159], "summary": {"covered_lines": 15, "num_statements": 15, "percent_covered": 100.0, "percent_covered_display": "100", "missing_lines": 0, "excluded_lines": 0}, "missing_lines": [], "excluded_lines": []}}}, "src/observability/metrics.py": {"executed_lines": [1, 6, 7, 10, 11, 13, 16, 20, 24, 28, 35, 39, 43, 47, 54, 59, 64, 69, 76, 80, 84, 91, 95, 99, 103, 107, 113, 117, 124, 126, 133, 134, 135, 136, 137, 141], "summary": {"covered_lines": 34, "num_statements": 34, "percent_covered": 100.0, "percent_covered_display": "100", "missing_lines": 0, "excluded_lines": 0}, "missing_lines": [], "excluded_lines": [], "functions": {"Metrics.__init__": {"executed_lines": [16, 20, 24, 28, 35, 39, 43, 47, 54, 59, 64, 69, 76, 80, 84, 91, 95, 99, 103, 107, 113, 117, 124], "summary": {"covered_lines": 23, "num_statements": 23, "percent_covered": 100.0, "percent_covered_display": "100", "missing_lines": 0, "excluded_lines": 0}, "missing_lines": [], "excluded_lines": []}, "Metrics.start_metrics_server": {"executed_lines": [133, 134, 135, 136, 137], "summary": {"covered_lines": 5, "num_statements": 5, "percent_covered": 100.0, "percent_covered_display": "100", "missing_lines": 0, "excluded_lines": 0}, "missing_lines": [], "excluded_lines": []}, "": {"executed_lines": [1, 6, 7, 10, 11, 13, 126, 141], "summary": {"covered_lines": 6, "num_statements": 6, "percent_covered": 100.0, "percent_covered_display": "100", "missing_lines": 0, "excluded_lines": 0}, "missing_lines": [], "excluded_lines": []}}, "classes": {"Metrics": {"executed_lines": [16, 20, 24, 28, 35, 39, 43, 47, 54, 59, 64, 69, 76, 80, 84, 91, 95, 99, 103, 107, 113, 117, 124, 133, 134, 135, 136, 137], "summary": {"covered_lines": 28, "num_statements": 28, "percent_covered": 100.0, "percent_covered_display": "100", "missing_lines": 0, "excluded_lines": 0}, "missing_lines": [], "excluded_lines": []}, "": {"executed_lines": [1, 6, 7, 10, 11, 13, 126, 141], "summary": {"covered_lines": 6, "num_statements": 6, "percent_covered": 100.0, "percent_covered_display": "100", "missing_lines": 0, "excluded_lines": 0}, "missing_lines": [], "excluded_lines": []}}}}, "totals": {"covered_lines": 1591, "num_statements": 2646, "percent_covered": 60.128495842781554, "percent_covered_display": "60", "missing_lines": 1055, "excluded_lines": 13}}